{
   "id": 21,
   "username": "usm2",
   "password": "123",
   "fullname": "Nguyễn Văn B",
   "peer_id": "445a0866-1504-46b8-85d7-5981c6c1c459",
   "private_room": "b25b69b2-f526-43e6-8c12-6bb0c9760ae8",
   "busy": 0
}
============ CHECK BUSY CALL =============
============ CHECK BUSY CALL =============
{
   "id": 21,
   "username": "usm2",
   "password": "123",
   "fullname": "Nguyễn Văn B",
   "peer_id": "445a0866-1504-46b8-85d7-5981c6c1c459",
   "private_room": "b25b69b2-f526-43e6-8c12-6bb0c9760ae8",
   "busy": 0
}
============ CHECK BUSY CALL =============
{
   "id": 21,
   "username": "usm2",
   "password": "123",
   "fullname": "Nguyễn Văn B",
   "peer_id": "445a0866-1504-46b8-85d7-5981c6c1c459",
   "private_room": "b25b69b2-f526-43e6-8c12-6bb0c9760ae8",
   "busy": 0
}
{
   "id": 21,
   "username": "usm2",
   "password": "123",
   "fullname": "Nguyễn Văn B",
   "peer_id": "445a0866-1504-46b8-85d7-5981c6c1c459",
   "private_room": "b25b69b2-f526-43e6-8c12-6bb0c9760ae8",
   "busy": 0
}
============ CHECK BUSY CALL =============
============ CHECK BUSY CALL =============
{
   "id": 21,
   "username": "usm2",
   "password": "123",
   "fullname": "Nguyễn Văn B",
   "peer_id": "445a0866-1504-46b8-85d7-5981c6c1c459",
   "private_room": "b25b69b2-f526-43e6-8c12-6bb0c9760ae8",
   "busy": 0
}
============ CHECK BUSY CALL =============
{
   "id": 21,
   "username": "usm2",
   "password": "123",
   "fullname": "Nguyễn Văn B",
   "peer_id": "445a0866-1504-46b8-85d7-5981c6c1c459",
   "private_room": "b25b69b2-f526-43e6-8c12-6bb0c9760ae8",
   "busy": 0
}
============ CHECK BUSY CALL =============
{
   "id": 21,
   "username": "usm2",
   "password": "123",
   "fullname": "Nguyễn Văn B",
   "peer_id": "445a0866-1504-46b8-85d7-5981c6c1c459",
   "private_room": "b25b69b2-f526-43e6-8c12-6bb0c9760ae8",
   "busy": 0
}
============ CHECK BUSY CALL =============
{
   "id": 21,
   "username": "usm2",
   "password": "123",
   "fullname": "Nguyễn Văn B",
   "peer_id": "445a0866-1504-46b8-85d7-5981c6c1c459",
   "private_room": "b25b69b2-f526-43e6-8c12-6bb0c9760ae8",
   "busy": 0
}
============ CHECK BUSY CALL =============
{
   "id": 21,
   "username": "usm2",
   "password": "123",
   "fullname": "Nguyễn Văn B",
   "peer_id": "445a0866-1504-46b8-85d7-5981c6c1c459",
   "private_room": "b25b69b2-f526-43e6-8c12-6bb0c9760ae8",
   "busy": 0
}
============ CHECK BUSY CALL =============
{
   "id": 21,
   "username": "usm2",
   "password": "123",
   "fullname": "Nguyễn Văn B",
   "peer_id": "445a0866-1504-46b8-85d7-5981c6c1c459",
   "private_room": "b25b69b2-f526-43e6-8c12-6bb0c9760ae8",
   "busy": 1
}
============ CHECK BUSY CALL =============
{
   "id": 21,
   "username": "usm2",
   "password": "123",
   "fullname": "Nguyễn Văn B",
   "peer_id": "445a0866-1504-46b8-85d7-5981c6c1c459",
   "private_room": "b25b69b2-f526-43e6-8c12-6bb0c9760ae8",
   "busy": 0
}
============ CHECK BUSY CALL =============
{
   "id": 21,
   "username": "usm2",
   "password": "123",
   "fullname": "Nguyễn Văn B",
   "peer_id": "445a0866-1504-46b8-85d7-5981c6c1c459",
   "private_room": "b25b69b2-f526-43e6-8c12-6bb0c9760ae8",
   "busy": 0
}
============ CHECK BUSY CALL =============
{
   "id": 21,
   "username": "usm2",
   "password": "123",
   "fullname": "Nguyễn Văn B",
   "peer_id": "445a0866-1504-46b8-85d7-5981c6c1c459",
   "private_room": "b25b69b2-f526-43e6-8c12-6bb0c9760ae8",
   "busy": 0
}
============ CHECK BUSY CALL =============
{
   "id": 21,
   "username": "usm2",
   "password": "123",
   "fullname": "Nguyễn Văn B",
   "peer_id": "445a0866-1504-46b8-85d7-5981c6c1c459",
   "private_room": "b25b69b2-f526-43e6-8c12-6bb0c9760ae8",
   "busy": 0
}
============ CHECK BUSY CALL =============
{
   "id": 21,
   "username": "usm2",
   "password": "123",
   "fullname": "Nguyễn Văn B",
   "peer_id": "445a0866-1504-46b8-85d7-5981c6c1c459",
   "private_room": "b25b69b2-f526-43e6-8c12-6bb0c9760ae8",
   "busy": 0
}
============ CHECK BUSY CALL =============
{
   "id": 21,
   "username": "usm2",
   "password": "123",
   "fullname": "Nguyễn Văn B",
   "peer_id": "445a0866-1504-46b8-85d7-5981c6c1c459",
   "private_room": "b25b69b2-f526-43e6-8c12-6bb0c9760ae8",
   "busy": 0
}
============ CHECK BUSY CALL =============
{
   "id": 21,
   "username": "usm2",
   "password": "123",
   "fullname": "Nguyễn Văn B",
   "peer_id": "445a0866-1504-46b8-85d7-5981c6c1c459",
   "private_room": "b25b69b2-f526-43e6-8c12-6bb0c9760ae8",
   "busy": 0
}
============ CHECK BUSY CALL =============
{
   "id": 21,
   "username": "usm2",
   "password": "123",
   "fullname": "Nguyễn Văn B",
   "peer_id": "445a0866-1504-46b8-85d7-5981c6c1c459",
   "private_room": "b25b69b2-f526-43e6-8c12-6bb0c9760ae8",
   "busy": 0
}
============ CHECK BUSY CALL =============
{
   "id": 20,
   "username": "usm1",
   "password": "123",
   "fullname": "Nguyễn Văn A",
   "peer_id": "a771d5a9-eacc-4800-99f7-24720bc11ecd",
   "private_room": "14011d49-3d2a-4a3a-93be-5a5e7ec26efa",
   "busy": 0
}
============ CHECK BUSY CALL =============
{
   "id": 21,
   "username": "usm2",
   "password": "123",
   "fullname": "Nguyễn Văn B",
   "peer_id": "445a0866-1504-46b8-85d7-5981c6c1c459",
   "private_room": "b25b69b2-f526-43e6-8c12-6bb0c9760ae8",
   "busy": 0
}
============ CHECK BUSY CALL =============
{
   "id": 21,
   "username": "usm2",
   "password": "123",
   "fullname": "Nguyễn Văn B",
   "peer_id": "445a0866-1504-46b8-85d7-5981c6c1c459",
   "private_room": "b25b69b2-f526-43e6-8c12-6bb0c9760ae8",
   "busy": 0
}
{
   "id": 20,
   "username": "usm1",
   "password": "123",
   "fullname": "Nguyễn Văn A",
   "peer_id": "a771d5a9-eacc-4800-99f7-24720bc11ecd",
   "private_room": "14011d49-3d2a-4a3a-93be-5a5e7ec26efa",
   "busy": 1
}
============ CHECK BUSY CALL =============
============ CHECK BUSY CALL =============
{
   "id": 21,
   "username": "usm2",
   "password": "123",
   "fullname": "Nguyễn Văn B",
   "peer_id": "445a0866-1504-46b8-85d7-5981c6c1c459",
   "private_room": "b25b69b2-f526-43e6-8c12-6bb0c9760ae8",
   "busy": 1
}
============ CHECK BUSY CALL =============
{
   "id": 20,
   "username": "usm1",
   "password": "123",
   "fullname": "Nguyễn Văn A",
   "peer_id": "a771d5a9-eacc-4800-99f7-24720bc11ecd",
   "private_room": "14011d49-3d2a-4a3a-93be-5a5e7ec26efa",
   "busy": 0
}
{
   "id": 21,
   "username": "usm2",
   "password": "123",
   "fullname": "Nguyễn Văn B",
   "peer_id": "445a0866-1504-46b8-85d7-5981c6c1c459",
   "private_room": "b25b69b2-f526-43e6-8c12-6bb0c9760ae8",
   "busy": 0
}
============ CHECK BUSY CALL =============
============ CHECK BUSY CALL =============
{
   "id": 20,
   "username": "usm1",
   "password": "123",
   "fullname": "Nguyễn Văn A",
   "peer_id": "a771d5a9-eacc-4800-99f7-24720bc11ecd",
   "private_room": "14011d49-3d2a-4a3a-93be-5a5e7ec26efa",
   "busy": 1
}
============ CHECK BUSY CALL =============
{
   "id": 21,
   "username": "usm2",
   "password": "123",
   "fullname": "Nguyễn Văn B",
   "peer_id": "445a0866-1504-46b8-85d7-5981c6c1c459",
   "private_room": "b25b69b2-f526-43e6-8c12-6bb0c9760ae8",
   "busy": 0
}
============ CHECK BUSY CALL =============
{
   "id": 20,
   "username": "usm1",
   "password": "123",
   "fullname": "Nguyễn Văn A",
   "peer_id": "a771d5a9-eacc-4800-99f7-24720bc11ecd",
   "private_room": "14011d49-3d2a-4a3a-93be-5a5e7ec26efa",
   "busy": 1
}
============ CHECK BUSY CALL =============
{
   "id": 21,
   "username": "usm2",
   "password": "123",
   "fullname": "Nguyễn Văn B",
   "peer_id": "445a0866-1504-46b8-85d7-5981c6c1c459",
   "private_room": "b25b69b2-f526-43e6-8c12-6bb0c9760ae8",
   "busy": 0
}
============ CHECK BUSY CALL =============
{
   "id": 20,
   "username": "usm1",
   "password": "123",
   "fullname": "Nguyễn Văn A",
   "peer_id": "a771d5a9-eacc-4800-99f7-24720bc11ecd",
   "private_room": "14011d49-3d2a-4a3a-93be-5a5e7ec26efa",
   "busy": 1
}
============ CHECK BUSY CALL =============
{
   "id": 20,
   "username": "usm1",
   "password": "123",
   "fullname": "Nguyễn Văn A",
   "peer_id": "a771d5a9-eacc-4800-99f7-24720bc11ecd",
   "private_room": "14011d49-3d2a-4a3a-93be-5a5e7ec26efa",
   "busy": 0
}
============ CHECK BUSY CALL =============
{
   "id": 21,
   "username": "usm2",
   "password": "123",
   "fullname": "Nguyễn Văn B",
   "peer_id": "445a0866-1504-46b8-85d7-5981c6c1c459",
   "private_room": "b25b69b2-f526-43e6-8c12-6bb0c9760ae8",
   "busy": 0
}
============ CHECK BUSY CALL =============
{
   "id": 21,
   "username": "usm2",
   "password": "123",
   "fullname": "Nguyễn Văn B",
   "peer_id": "445a0866-1504-46b8-85d7-5981c6c1c459",
   "private_room": "b25b69b2-f526-43e6-8c12-6bb0c9760ae8",
   "busy": 0
}
============ CHECK BUSY CALL =============
{
   "id": 21,
   "username": "usm2",
   "password": "123",
   "fullname": "Nguyễn Văn B",
   "peer_id": "445a0866-1504-46b8-85d7-5981c6c1c459",
   "private_room": "b25b69b2-f526-43e6-8c12-6bb0c9760ae8",
   "busy": 0
}
