============= DISCONNECT GET ROOM ============
{
   "id": 40,
   "room_id": "14011d49-3d2a-4a3a-93be-5a5e7ec26efa",
   "room_name": "",
   "user_id": 20,
   "type": "PRIVATE_ROOM",
   "active": "OFF"
}
=============/ DISCONNECT GET ROOM ============
============= DISCONNECT GET ROOM ============
{
   "id": 41,
   "room_id": "b25b69b2-f526-43e6-8c12-6bb0c9760ae8",
   "room_name": "",
   "user_id": 21,
   "type": "PRIVATE_ROOM",
   "active": "ON"
}
=============/ DISCONNECT GET ROOM ============
============= DISCONNECT GET ROOM ============
{
   "id": 41,
   "room_id": "b25b69b2-f526-43e6-8c12-6bb0c9760ae8",
   "room_name": "",
   "user_id": 21,
   "type": "PRIVATE_ROOM",
   "active": "ON"
}
=============/ DISCONNECT GET ROOM ============
============= DISCONNECT GET ROOM ============
{
   "id": 41,
   "room_id": "b25b69b2-f526-43e6-8c12-6bb0c9760ae8",
   "room_name": "",
   "user_id": 21,
   "type": "PRIVATE_ROOM",
   "active": "ON"
}
=============/ DISCONNECT GET ROOM ============
============= DISCONNECT GET ROOM ============
============= DISCONNECT GET ROOM ============
{
   "id": 40,
   "room_id": "14011d49-3d2a-4a3a-93be-5a5e7ec26efa",
   "room_name": "",
   "user_id": 20,
   "type": "PRIVATE_ROOM",
   "active": "ON"
}
=============/ DISCONNECT GET ROOM ============
{
   "id": 51,
   "room_id": "62c4eec7-ecfd-43e6-a2ac-fbb2ecce1e0f",
   "room_name": "",
   "user_id": 23,
   "type": "PRIVATE_ROOM",
   "active": "OFF"
}
=============/ DISCONNECT GET ROOM ============
============= DISCONNECT GET ROOM ============
============= DISCONNECT GET ROOM ============
{
   "id": 40,
   "room_id": "14011d49-3d2a-4a3a-93be-5a5e7ec26efa",
   "room_name": "",
   "user_id": 20,
   "type": "PRIVATE_ROOM",
   "active": "ON"
}
=============/ DISCONNECT GET ROOM ============
{
   "id": 41,
   "room_id": "b25b69b2-f526-43e6-8c12-6bb0c9760ae8",
   "room_name": "",
   "user_id": 21,
   "type": "PRIVATE_ROOM",
   "active": "OFF"
}
=============/ DISCONNECT GET ROOM ============
============= DISCONNECT GET ROOM ============
{
   "id": 41,
   "room_id": "b25b69b2-f526-43e6-8c12-6bb0c9760ae8",
   "room_name": "",
   "user_id": 21,
   "type": "PRIVATE_ROOM",
   "active": "OFF"
}
=============/ DISCONNECT GET ROOM ============
============= DISCONNECT GET ROOM ============
{
   "id": 49,
   "room_id": "663a5517-46da-42f8-9081-65efb1fb2b49",
   "room_name": "Room B-3",
   "user_id": 21,
   "type": "CLIENT_ROOM",
   "active": "ON"
}
=============/ DISCONNECT GET ROOM ============
============= DISCONNECT GET ROOM ============
{
   "id": 49,
   "room_id": "663a5517-46da-42f8-9081-65efb1fb2b49",
   "room_name": "Room B-3",
   "user_id": 21,
   "type": "CLIENT_ROOM",
   "active": "ON"
}
=============/ DISCONNECT GET ROOM ============
============= DISCONNECT GET ROOM ============
{
   "id": 49,
   "room_id": "663a5517-46da-42f8-9081-65efb1fb2b49",
   "room_name": "Room B-3",
   "user_id": 21,
   "type": "CLIENT_ROOM",
   "active": "ON"
}
=============/ DISCONNECT GET ROOM ============
============= DISCONNECT GET ROOM ============
{
   "id": 51,
   "room_id": "62c4eec7-ecfd-43e6-a2ac-fbb2ecce1e0f",
   "room_name": "",
   "user_id": 23,
   "type": "PRIVATE_ROOM",
   "active": "OFF"
}
=============/ DISCONNECT GET ROOM ============
============= DISCONNECT GET ROOM ============
{
   "id": 40,
   "room_id": "14011d49-3d2a-4a3a-93be-5a5e7ec26efa",
   "room_name": "",
   "user_id": 20,
   "type": "PRIVATE_ROOM",
   "active": "OFF"
}
=============/ DISCONNECT GET ROOM ============
============= DISCONNECT GET ROOM ============
{
   "id": 41,
   "room_id": "b25b69b2-f526-43e6-8c12-6bb0c9760ae8",
   "room_name": "",
   "user_id": 21,
   "type": "PRIVATE_ROOM",
   "active": "OFF"
}
=============/ DISCONNECT GET ROOM ============
============= DISCONNECT GET ROOM ============
{
   "id": 40,
   "room_id": "14011d49-3d2a-4a3a-93be-5a5e7ec26efa",
   "room_name": "",
   "user_id": 20,
   "type": "PRIVATE_ROOM",
   "active": "OFF"
}
=============/ DISCONNECT GET ROOM ============
