=============== { START OVERVIEW } ==============
=========== objUsers ============
{
   "20": {
      "peer_id": "a771d5a9-eacc-4800-99f7-24720bc11ecd",
      "user_id": 20,
      "username": "usm1",
      "fullname": "Nguyễn Văn A",
      "private_room": "14011d49-3d2a-4a3a-93be-5a5e7ec26efa",
      "room_id": "14011d49-3d2a-4a3a-93be-5a5e7ec26efa",
      "options": {
         "camera": true,
         "microphone": true
      },
      "socket_id": "P5UWuwJ9WFeuTgY7AAAF"
   }
}
=========== objSocket ===========
{
   "P5UWuwJ9WFeuTgY7AAAF": {
      "private_room": "14011d49-3d2a-4a3a-93be-5a5e7ec26efa",
      "user_id": 20,
      "another_rooms": [
         "14011d49-3d2a-4a3a-93be-5a5e7ec26efa"
      ]
   }
}
============ objPeers ===========
{
   "a771d5a9-eacc-4800-99f7-24720bc11ecd": {
      "user_id": 20
   }
}
============ objRooms ===========
{
   "14011d49-3d2a-4a3a-93be-5a5e7ec26efa": {
      "20": {
         "peer_id": "a771d5a9-eacc-4800-99f7-24720bc11ecd",
         "user_id": 20,
         "username": "usm1",
         "fullname": "Nguyễn Văn A",
         "private_room": "14011d49-3d2a-4a3a-93be-5a5e7ec26efa",
         "room_id": "14011d49-3d2a-4a3a-93be-5a5e7ec26efa",
         "options": {
            "camera": true,
            "microphone": true
         },
         "socket_id": "P5UWuwJ9WFeuTgY7AAAF"
      }
   }
}
========= objPrivateRoom ========
{
   "14011d49-3d2a-4a3a-93be-5a5e7ec26efa": [
      "P5UWuwJ9WFeuTgY7AAAF"
   ]
}
=============== { END OVERVIEW } ===============
=============== { START OVERVIEW } ==============
=========== objUsers ============
{
   "20": {
      "peer_id": "a771d5a9-eacc-4800-99f7-24720bc11ecd",
      "user_id": 20,
      "username": "usm1",
      "fullname": "Nguyễn Văn A",
      "private_room": "14011d49-3d2a-4a3a-93be-5a5e7ec26efa",
      "room_id": "14011d49-3d2a-4a3a-93be-5a5e7ec26efa",
      "options": {
         "camera": true,
         "microphone": true
      },
      "socket_id": "P5UWuwJ9WFeuTgY7AAAF"
   },
   "21": {
      "peer_id": "445a0866-1504-46b8-85d7-5981c6c1c459",
      "user_id": 21,
      "username": "usm2",
      "fullname": "Nguyễn Văn B",
      "private_room": "b25b69b2-f526-43e6-8c12-6bb0c9760ae8",
      "room_id": "b25b69b2-f526-43e6-8c12-6bb0c9760ae8",
      "options": {
         "camera": true,
         "microphone": true
      },
      "socket_id": "cVCsvh76JerTfQGMAAAH"
   }
}
=========== objSocket ===========
{
   "P5UWuwJ9WFeuTgY7AAAF": {
      "private_room": "14011d49-3d2a-4a3a-93be-5a5e7ec26efa",
      "user_id": 20,
      "another_rooms": [
         "14011d49-3d2a-4a3a-93be-5a5e7ec26efa"
      ]
   },
   "cVCsvh76JerTfQGMAAAH": {
      "private_room": "b25b69b2-f526-43e6-8c12-6bb0c9760ae8",
      "user_id": 21,
      "another_rooms": [
         "b25b69b2-f526-43e6-8c12-6bb0c9760ae8"
      ]
   }
}
============ objPeers ===========
{
   "a771d5a9-eacc-4800-99f7-24720bc11ecd": {
      "user_id": 20
   },
   "445a0866-1504-46b8-85d7-5981c6c1c459": {
      "user_id": 21
   }
}
============ objRooms ===========
{
   "14011d49-3d2a-4a3a-93be-5a5e7ec26efa": {
      "20": {
         "peer_id": "a771d5a9-eacc-4800-99f7-24720bc11ecd",
         "user_id": 20,
         "username": "usm1",
         "fullname": "Nguyễn Văn A",
         "private_room": "14011d49-3d2a-4a3a-93be-5a5e7ec26efa",
         "room_id": "14011d49-3d2a-4a3a-93be-5a5e7ec26efa",
         "options": {
            "camera": true,
            "microphone": true
         },
         "socket_id": "P5UWuwJ9WFeuTgY7AAAF"
      }
   },
   "b25b69b2-f526-43e6-8c12-6bb0c9760ae8": {
      "21": {
         "peer_id": "445a0866-1504-46b8-85d7-5981c6c1c459",
         "user_id": 21,
         "username": "usm2",
         "fullname": "Nguyễn Văn B",
         "private_room": "b25b69b2-f526-43e6-8c12-6bb0c9760ae8",
         "room_id": "b25b69b2-f526-43e6-8c12-6bb0c9760ae8",
         "options": {
            "camera": true,
            "microphone": true
         },
         "socket_id": "cVCsvh76JerTfQGMAAAH"
      }
   }
}
========= objPrivateRoom ========
{
   "14011d49-3d2a-4a3a-93be-5a5e7ec26efa": [
      "P5UWuwJ9WFeuTgY7AAAF"
   ],
   "b25b69b2-f526-43e6-8c12-6bb0c9760ae8": [
      "cVCsvh76JerTfQGMAAAH"
   ]
}
=============== { END OVERVIEW } ===============
=============== { START OVERVIEW } ==============
=========== objUsers ============
{
   "20": {
      "peer_id": "a771d5a9-eacc-4800-99f7-24720bc11ecd",
      "user_id": 20,
      "username": "usm1",
      "fullname": "Nguyễn Văn A",
      "private_room": "14011d49-3d2a-4a3a-93be-5a5e7ec26efa",
      "room_id": "14011d49-3d2a-4a3a-93be-5a5e7ec26efa",
      "options": {
         "camera": true,
         "microphone": true
      },
      "socket_id": "P5UWuwJ9WFeuTgY7AAAF"
   },
   "21": {
      "peer_id": "445a0866-1504-46b8-85d7-5981c6c1c459",
      "user_id": 21,
      "username": "usm2",
      "fullname": "Nguyễn Văn B",
      "private_room": "b25b69b2-f526-43e6-8c12-6bb0c9760ae8",
      "room_id": "b25b69b2-f526-43e6-8c12-6bb0c9760ae8",
      "options": {
         "camera": true,
         "microphone": true
      },
      "socket_id": "cVCsvh76JerTfQGMAAAH"
   }
}
=========== objSocket ===========
{
   "P5UWuwJ9WFeuTgY7AAAF": {
      "user_id": "20",
      "another_rooms": [
         "14011d49-3d2a-4a3a-93be-5a5e7ec26efa",
         "b25b69b2-f526-43e6-8c12-6bb0c9760ae8"
      ]
   },
   "cVCsvh76JerTfQGMAAAH": {
      "private_room": "b25b69b2-f526-43e6-8c12-6bb0c9760ae8",
      "user_id": 21,
      "another_rooms": [
         "b25b69b2-f526-43e6-8c12-6bb0c9760ae8"
      ]
   }
}
============ objPeers ===========
{
   "a771d5a9-eacc-4800-99f7-24720bc11ecd": {
      "user_id": 20
   },
   "445a0866-1504-46b8-85d7-5981c6c1c459": {
      "user_id": 21
   }
}
============ objRooms ===========
{
   "14011d49-3d2a-4a3a-93be-5a5e7ec26efa": {
      "20": {
         "peer_id": "a771d5a9-eacc-4800-99f7-24720bc11ecd",
         "user_id": 20,
         "username": "usm1",
         "fullname": "Nguyễn Văn A",
         "private_room": "14011d49-3d2a-4a3a-93be-5a5e7ec26efa",
         "room_id": "14011d49-3d2a-4a3a-93be-5a5e7ec26efa",
         "options": {
            "camera": true,
            "microphone": true
         },
         "socket_id": "P5UWuwJ9WFeuTgY7AAAF"
      }
   },
   "b25b69b2-f526-43e6-8c12-6bb0c9760ae8": {
      "21": {
         "peer_id": "445a0866-1504-46b8-85d7-5981c6c1c459",
         "user_id": 21,
         "username": "usm2",
         "fullname": "Nguyễn Văn B",
         "private_room": "b25b69b2-f526-43e6-8c12-6bb0c9760ae8",
         "room_id": "b25b69b2-f526-43e6-8c12-6bb0c9760ae8",
         "options": {
            "camera": true,
            "microphone": true
         },
         "socket_id": "cVCsvh76JerTfQGMAAAH"
      }
   }
}
========= objPrivateRoom ========
{
   "14011d49-3d2a-4a3a-93be-5a5e7ec26efa": [
      "P5UWuwJ9WFeuTgY7AAAF"
   ],
   "b25b69b2-f526-43e6-8c12-6bb0c9760ae8": [
      "cVCsvh76JerTfQGMAAAH"
   ]
}
=============== { END OVERVIEW } ===============
=============== { START OVERVIEW } ==============
=========== objUsers ============
{
   "20": {
      "peer_id": "a771d5a9-eacc-4800-99f7-24720bc11ecd",
      "user_id": 20,
      "username": "usm1",
      "fullname": "Nguyễn Văn A",
      "private_room": "14011d49-3d2a-4a3a-93be-5a5e7ec26efa",
      "room_id": "14011d49-3d2a-4a3a-93be-5a5e7ec26efa",
      "options": {
         "camera": true,
         "microphone": true
      },
      "socket_id": "zyZ8pg_nccxI4wlCAAAJ"
   },
   "21": {
      "peer_id": "445a0866-1504-46b8-85d7-5981c6c1c459",
      "user_id": 21,
      "username": "usm2",
      "fullname": "Nguyễn Văn B",
      "private_room": "b25b69b2-f526-43e6-8c12-6bb0c9760ae8",
      "room_id": "b25b69b2-f526-43e6-8c12-6bb0c9760ae8",
      "options": {
         "camera": true,
         "microphone": true
      },
      "socket_id": "cVCsvh76JerTfQGMAAAH"
   }
}
=========== objSocket ===========
{
   "cVCsvh76JerTfQGMAAAH": {
      "private_room": "b25b69b2-f526-43e6-8c12-6bb0c9760ae8",
      "user_id": 21,
      "another_rooms": [
         "b25b69b2-f526-43e6-8c12-6bb0c9760ae8"
      ]
   },
   "zyZ8pg_nccxI4wlCAAAJ": {
      "private_room": "14011d49-3d2a-4a3a-93be-5a5e7ec26efa",
      "user_id": 20,
      "another_rooms": [
         "14011d49-3d2a-4a3a-93be-5a5e7ec26efa"
      ]
   }
}
============ objPeers ===========
{
   "a771d5a9-eacc-4800-99f7-24720bc11ecd": {
      "user_id": 20
   },
   "445a0866-1504-46b8-85d7-5981c6c1c459": {
      "user_id": 21
   }
}
============ objRooms ===========
{
   "14011d49-3d2a-4a3a-93be-5a5e7ec26efa": {
      "20": {
         "peer_id": "a771d5a9-eacc-4800-99f7-24720bc11ecd",
         "user_id": 20,
         "username": "usm1",
         "fullname": "Nguyễn Văn A",
         "private_room": "14011d49-3d2a-4a3a-93be-5a5e7ec26efa",
         "room_id": "14011d49-3d2a-4a3a-93be-5a5e7ec26efa",
         "options": {
            "camera": true,
            "microphone": true
         },
         "socket_id": "zyZ8pg_nccxI4wlCAAAJ"
      }
   },
   "b25b69b2-f526-43e6-8c12-6bb0c9760ae8": {
      "21": {
         "peer_id": "445a0866-1504-46b8-85d7-5981c6c1c459",
         "user_id": 21,
         "username": "usm2",
         "fullname": "Nguyễn Văn B",
         "private_room": "b25b69b2-f526-43e6-8c12-6bb0c9760ae8",
         "room_id": "b25b69b2-f526-43e6-8c12-6bb0c9760ae8",
         "options": {
            "camera": true,
            "microphone": true
         },
         "socket_id": "cVCsvh76JerTfQGMAAAH"
      }
   }
}
========= objPrivateRoom ========
{
   "14011d49-3d2a-4a3a-93be-5a5e7ec26efa": [
      "zyZ8pg_nccxI4wlCAAAJ"
   ],
   "b25b69b2-f526-43e6-8c12-6bb0c9760ae8": [
      "cVCsvh76JerTfQGMAAAH"
   ]
}
=============== { END OVERVIEW } ===============
=============== { START OVERVIEW } ==============
=========== objUsers ============
{
   "20": {
      "peer_id": "a771d5a9-eacc-4800-99f7-24720bc11ecd",
      "user_id": 20,
      "username": "usm1",
      "fullname": "Nguyễn Văn A",
      "private_room": "14011d49-3d2a-4a3a-93be-5a5e7ec26efa",
      "room_id": "14011d49-3d2a-4a3a-93be-5a5e7ec26efa",
      "options": {
         "camera": true,
         "microphone": true
      },
      "socket_id": "zyZ8pg_nccxI4wlCAAAJ"
   },
   "21": {
      "peer_id": "445a0866-1504-46b8-85d7-5981c6c1c459",
      "user_id": 21,
      "username": "usm2",
      "fullname": "Nguyễn Văn B",
      "private_room": "b25b69b2-f526-43e6-8c12-6bb0c9760ae8",
      "room_id": "b25b69b2-f526-43e6-8c12-6bb0c9760ae8",
      "options": {
         "camera": true,
         "microphone": true
      },
      "socket_id": "cVCsvh76JerTfQGMAAAH"
   }
}
=========== objSocket ===========
{
   "cVCsvh76JerTfQGMAAAH": {
      "private_room": "b25b69b2-f526-43e6-8c12-6bb0c9760ae8",
      "user_id": 21,
      "another_rooms": [
         "b25b69b2-f526-43e6-8c12-6bb0c9760ae8"
      ]
   },
   "zyZ8pg_nccxI4wlCAAAJ": {
      "user_id": "20",
      "another_rooms": [
         "14011d49-3d2a-4a3a-93be-5a5e7ec26efa",
         "b25b69b2-f526-43e6-8c12-6bb0c9760ae8"
      ]
   }
}
============ objPeers ===========
{
   "a771d5a9-eacc-4800-99f7-24720bc11ecd": {
      "user_id": 20
   },
   "445a0866-1504-46b8-85d7-5981c6c1c459": {
      "user_id": 21
   }
}
============ objRooms ===========
{
   "14011d49-3d2a-4a3a-93be-5a5e7ec26efa": {
      "20": {
         "peer_id": "a771d5a9-eacc-4800-99f7-24720bc11ecd",
         "user_id": 20,
         "username": "usm1",
         "fullname": "Nguyễn Văn A",
         "private_room": "14011d49-3d2a-4a3a-93be-5a5e7ec26efa",
         "room_id": "14011d49-3d2a-4a3a-93be-5a5e7ec26efa",
         "options": {
            "camera": true,
            "microphone": true
         },
         "socket_id": "zyZ8pg_nccxI4wlCAAAJ"
      }
   },
   "b25b69b2-f526-43e6-8c12-6bb0c9760ae8": {
      "21": {
         "peer_id": "445a0866-1504-46b8-85d7-5981c6c1c459",
         "user_id": 21,
         "username": "usm2",
         "fullname": "Nguyễn Văn B",
         "private_room": "b25b69b2-f526-43e6-8c12-6bb0c9760ae8",
         "room_id": "b25b69b2-f526-43e6-8c12-6bb0c9760ae8",
         "options": {
            "camera": true,
            "microphone": true
         },
         "socket_id": "cVCsvh76JerTfQGMAAAH"
      }
   }
}
========= objPrivateRoom ========
{
   "14011d49-3d2a-4a3a-93be-5a5e7ec26efa": [
      "zyZ8pg_nccxI4wlCAAAJ"
   ],
   "b25b69b2-f526-43e6-8c12-6bb0c9760ae8": [
      "cVCsvh76JerTfQGMAAAH"
   ]
}
=============== { END OVERVIEW } ===============
=============== { START OVERVIEW } ==============
=========== objUsers ============
{
   "20": {
      "peer_id": "a771d5a9-eacc-4800-99f7-24720bc11ecd",
      "user_id": 20,
      "username": "usm1",
      "fullname": "Nguyễn Văn A",
      "private_room": "14011d49-3d2a-4a3a-93be-5a5e7ec26efa",
      "room_id": "14011d49-3d2a-4a3a-93be-5a5e7ec26efa",
      "options": {
         "camera": true,
         "microphone": true
      },
      "socket_id": "zyZ8pg_nccxI4wlCAAAJ"
   },
   "21": {
      "peer_id": "445a0866-1504-46b8-85d7-5981c6c1c459",
      "user_id": 21,
      "username": "usm2",
      "fullname": "Nguyễn Văn B",
      "private_room": "b25b69b2-f526-43e6-8c12-6bb0c9760ae8",
      "room_id": "b25b69b2-f526-43e6-8c12-6bb0c9760ae8",
      "options": {
         "camera": true,
         "microphone": true
      },
      "socket_id": "uI_JQOohD_YYXmSnAAAL"
   }
}
=========== objSocket ===========
{
   "zyZ8pg_nccxI4wlCAAAJ": {
      "user_id": "20",
      "another_rooms": [
         "14011d49-3d2a-4a3a-93be-5a5e7ec26efa",
         "b25b69b2-f526-43e6-8c12-6bb0c9760ae8"
      ]
   },
   "uI_JQOohD_YYXmSnAAAL": {
      "private_room": "b25b69b2-f526-43e6-8c12-6bb0c9760ae8",
      "user_id": 21,
      "another_rooms": [
         "b25b69b2-f526-43e6-8c12-6bb0c9760ae8"
      ]
   }
}
============ objPeers ===========
{
   "a771d5a9-eacc-4800-99f7-24720bc11ecd": {
      "user_id": 20
   },
   "445a0866-1504-46b8-85d7-5981c6c1c459": {
      "user_id": 21
   }
}
============ objRooms ===========
{
   "14011d49-3d2a-4a3a-93be-5a5e7ec26efa": {
      "20": {
         "peer_id": "a771d5a9-eacc-4800-99f7-24720bc11ecd",
         "user_id": 20,
         "username": "usm1",
         "fullname": "Nguyễn Văn A",
         "private_room": "14011d49-3d2a-4a3a-93be-5a5e7ec26efa",
         "room_id": "14011d49-3d2a-4a3a-93be-5a5e7ec26efa",
         "options": {
            "camera": true,
            "microphone": true
         },
         "socket_id": "zyZ8pg_nccxI4wlCAAAJ"
      }
   },
   "b25b69b2-f526-43e6-8c12-6bb0c9760ae8": {
      "21": {
         "peer_id": "445a0866-1504-46b8-85d7-5981c6c1c459",
         "user_id": 21,
         "username": "usm2",
         "fullname": "Nguyễn Văn B",
         "private_room": "b25b69b2-f526-43e6-8c12-6bb0c9760ae8",
         "room_id": "b25b69b2-f526-43e6-8c12-6bb0c9760ae8",
         "options": {
            "camera": true,
            "microphone": true
         },
         "socket_id": "uI_JQOohD_YYXmSnAAAL"
      }
   }
}
========= objPrivateRoom ========
{
   "14011d49-3d2a-4a3a-93be-5a5e7ec26efa": [
      "zyZ8pg_nccxI4wlCAAAJ"
   ],
   "b25b69b2-f526-43e6-8c12-6bb0c9760ae8": [
      "uI_JQOohD_YYXmSnAAAL"
   ]
}
=============== { END OVERVIEW } ===============
=============== { START OVERVIEW } ==============
=========== objUsers ============
{
   "20": {
      "peer_id": "a771d5a9-eacc-4800-99f7-24720bc11ecd",
      "user_id": 20,
      "username": "usm1",
      "fullname": "Nguyễn Văn A",
      "private_room": "14011d49-3d2a-4a3a-93be-5a5e7ec26efa",
      "room_id": "14011d49-3d2a-4a3a-93be-5a5e7ec26efa",
      "options": {
         "camera": true,
         "microphone": true
      },
      "socket_id": "zyZ8pg_nccxI4wlCAAAJ"
   },
   "21": {
      "peer_id": "445a0866-1504-46b8-85d7-5981c6c1c459",
      "user_id": 21,
      "username": "usm2",
      "fullname": "Nguyễn Văn B",
      "private_room": "b25b69b2-f526-43e6-8c12-6bb0c9760ae8",
      "room_id": "b25b69b2-f526-43e6-8c12-6bb0c9760ae8",
      "options": {
         "camera": true,
         "microphone": true
      },
      "socket_id": "uI_JQOohD_YYXmSnAAAL"
   },
   "23": {
      "peer_id": "896cc5e8-1d1d-4c47-9d07-2089de8503a2",
      "user_id": 23,
      "username": "usm3",
      "fullname": "Nguyễn Văn C",
      "private_room": "62c4eec7-ecfd-43e6-a2ac-fbb2ecce1e0f",
      "room_id": "62c4eec7-ecfd-43e6-a2ac-fbb2ecce1e0f",
      "options": {
         "camera": true,
         "microphone": true
      },
      "socket_id": "ZxDWoGQO4Z1tP58tAAAN"
   }
}
=========== objSocket ===========
{
   "zyZ8pg_nccxI4wlCAAAJ": {
      "user_id": "20",
      "another_rooms": [
         "14011d49-3d2a-4a3a-93be-5a5e7ec26efa",
         "b25b69b2-f526-43e6-8c12-6bb0c9760ae8"
      ]
   },
   "uI_JQOohD_YYXmSnAAAL": {
      "private_room": "b25b69b2-f526-43e6-8c12-6bb0c9760ae8",
      "user_id": 21,
      "another_rooms": [
         "b25b69b2-f526-43e6-8c12-6bb0c9760ae8"
      ]
   },
   "ZxDWoGQO4Z1tP58tAAAN": {
      "private_room": "62c4eec7-ecfd-43e6-a2ac-fbb2ecce1e0f",
      "user_id": 23,
      "another_rooms": [
         "62c4eec7-ecfd-43e6-a2ac-fbb2ecce1e0f"
      ]
   }
}
============ objPeers ===========
{
   "a771d5a9-eacc-4800-99f7-24720bc11ecd": {
      "user_id": 20
   },
   "445a0866-1504-46b8-85d7-5981c6c1c459": {
      "user_id": 21
   },
   "896cc5e8-1d1d-4c47-9d07-2089de8503a2": {
      "user_id": 23
   }
}
============ objRooms ===========
{
   "14011d49-3d2a-4a3a-93be-5a5e7ec26efa": {
      "20": {
         "peer_id": "a771d5a9-eacc-4800-99f7-24720bc11ecd",
         "user_id": 20,
         "username": "usm1",
         "fullname": "Nguyễn Văn A",
         "private_room": "14011d49-3d2a-4a3a-93be-5a5e7ec26efa",
         "room_id": "14011d49-3d2a-4a3a-93be-5a5e7ec26efa",
         "options": {
            "camera": true,
            "microphone": true
         },
         "socket_id": "zyZ8pg_nccxI4wlCAAAJ"
      }
   },
   "b25b69b2-f526-43e6-8c12-6bb0c9760ae8": {
      "21": {
         "peer_id": "445a0866-1504-46b8-85d7-5981c6c1c459",
         "user_id": 21,
         "username": "usm2",
         "fullname": "Nguyễn Văn B",
         "private_room": "b25b69b2-f526-43e6-8c12-6bb0c9760ae8",
         "room_id": "b25b69b2-f526-43e6-8c12-6bb0c9760ae8",
         "options": {
            "camera": true,
            "microphone": true
         },
         "socket_id": "uI_JQOohD_YYXmSnAAAL"
      }
   },
   "62c4eec7-ecfd-43e6-a2ac-fbb2ecce1e0f": {
      "23": {
         "peer_id": "896cc5e8-1d1d-4c47-9d07-2089de8503a2",
         "user_id": 23,
         "username": "usm3",
         "fullname": "Nguyễn Văn C",
         "private_room": "62c4eec7-ecfd-43e6-a2ac-fbb2ecce1e0f",
         "room_id": "62c4eec7-ecfd-43e6-a2ac-fbb2ecce1e0f",
         "options": {
            "camera": true,
            "microphone": true
         },
         "socket_id": "ZxDWoGQO4Z1tP58tAAAN"
      }
   }
}
========= objPrivateRoom ========
{
   "14011d49-3d2a-4a3a-93be-5a5e7ec26efa": [
      "zyZ8pg_nccxI4wlCAAAJ"
   ],
   "b25b69b2-f526-43e6-8c12-6bb0c9760ae8": [
      "uI_JQOohD_YYXmSnAAAL"
   ],
   "62c4eec7-ecfd-43e6-a2ac-fbb2ecce1e0f": [
      "ZxDWoGQO4Z1tP58tAAAN"
   ]
}
=============== { END OVERVIEW } ===============
=============== { START OVERVIEW } ==============
=========== objUsers ============
{
   "20": {
      "peer_id": "a771d5a9-eacc-4800-99f7-24720bc11ecd",
      "user_id": 20,
      "username": "usm1",
      "fullname": "Nguyễn Văn A",
      "private_room": "14011d49-3d2a-4a3a-93be-5a5e7ec26efa",
      "room_id": "14011d49-3d2a-4a3a-93be-5a5e7ec26efa",
      "options": {
         "camera": true,
         "microphone": true
      },
      "socket_id": "zyZ8pg_nccxI4wlCAAAJ"
   },
   "21": {
      "peer_id": "445a0866-1504-46b8-85d7-5981c6c1c459",
      "user_id": 21,
      "username": "usm2",
      "fullname": "Nguyễn Văn B",
      "private_room": "b25b69b2-f526-43e6-8c12-6bb0c9760ae8",
      "room_id": "b25b69b2-f526-43e6-8c12-6bb0c9760ae8",
      "options": {
         "camera": true,
         "microphone": true
      },
      "socket_id": "uI_JQOohD_YYXmSnAAAL"
   },
   "23": {
      "peer_id": "896cc5e8-1d1d-4c47-9d07-2089de8503a2",
      "user_id": 23,
      "username": "usm3",
      "fullname": "Nguyễn Văn C",
      "private_room": "62c4eec7-ecfd-43e6-a2ac-fbb2ecce1e0f",
      "room_id": "62c4eec7-ecfd-43e6-a2ac-fbb2ecce1e0f",
      "options": {
         "camera": true,
         "microphone": true
      },
      "socket_id": "ZxDWoGQO4Z1tP58tAAAN"
   }
}
=========== objSocket ===========
{
   "zyZ8pg_nccxI4wlCAAAJ": {
      "user_id": "20",
      "another_rooms": [
         "14011d49-3d2a-4a3a-93be-5a5e7ec26efa",
         "b25b69b2-f526-43e6-8c12-6bb0c9760ae8",
         "b25b69b2-f526-43e6-8c12-6bb0c9760ae8"
      ]
   },
   "uI_JQOohD_YYXmSnAAAL": {
      "private_room": "b25b69b2-f526-43e6-8c12-6bb0c9760ae8",
      "user_id": 21,
      "another_rooms": [
         "b25b69b2-f526-43e6-8c12-6bb0c9760ae8"
      ]
   },
   "ZxDWoGQO4Z1tP58tAAAN": {
      "private_room": "62c4eec7-ecfd-43e6-a2ac-fbb2ecce1e0f",
      "user_id": 23,
      "another_rooms": [
         "62c4eec7-ecfd-43e6-a2ac-fbb2ecce1e0f"
      ]
   }
}
============ objPeers ===========
{
   "a771d5a9-eacc-4800-99f7-24720bc11ecd": {
      "user_id": 20
   },
   "445a0866-1504-46b8-85d7-5981c6c1c459": {
      "user_id": 21
   },
   "896cc5e8-1d1d-4c47-9d07-2089de8503a2": {
      "user_id": 23
   }
}
============ objRooms ===========
{
   "14011d49-3d2a-4a3a-93be-5a5e7ec26efa": {
      "20": {
         "peer_id": "a771d5a9-eacc-4800-99f7-24720bc11ecd",
         "user_id": 20,
         "username": "usm1",
         "fullname": "Nguyễn Văn A",
         "private_room": "14011d49-3d2a-4a3a-93be-5a5e7ec26efa",
         "room_id": "14011d49-3d2a-4a3a-93be-5a5e7ec26efa",
         "options": {
            "camera": true,
            "microphone": true
         },
         "socket_id": "zyZ8pg_nccxI4wlCAAAJ"
      }
   },
   "b25b69b2-f526-43e6-8c12-6bb0c9760ae8": {
      "21": {
         "peer_id": "445a0866-1504-46b8-85d7-5981c6c1c459",
         "user_id": 21,
         "username": "usm2",
         "fullname": "Nguyễn Văn B",
         "private_room": "b25b69b2-f526-43e6-8c12-6bb0c9760ae8",
         "room_id": "b25b69b2-f526-43e6-8c12-6bb0c9760ae8",
         "options": {
            "camera": true,
            "microphone": true
         },
         "socket_id": "uI_JQOohD_YYXmSnAAAL"
      }
   },
   "62c4eec7-ecfd-43e6-a2ac-fbb2ecce1e0f": {
      "23": {
         "peer_id": "896cc5e8-1d1d-4c47-9d07-2089de8503a2",
         "user_id": 23,
         "username": "usm3",
         "fullname": "Nguyễn Văn C",
         "private_room": "62c4eec7-ecfd-43e6-a2ac-fbb2ecce1e0f",
         "room_id": "62c4eec7-ecfd-43e6-a2ac-fbb2ecce1e0f",
         "options": {
            "camera": true,
            "microphone": true
         },
         "socket_id": "ZxDWoGQO4Z1tP58tAAAN"
      }
   }
}
========= objPrivateRoom ========
{
   "14011d49-3d2a-4a3a-93be-5a5e7ec26efa": [
      "zyZ8pg_nccxI4wlCAAAJ"
   ],
   "b25b69b2-f526-43e6-8c12-6bb0c9760ae8": [
      "uI_JQOohD_YYXmSnAAAL"
   ],
   "62c4eec7-ecfd-43e6-a2ac-fbb2ecce1e0f": [
      "ZxDWoGQO4Z1tP58tAAAN"
   ]
}
=============== { END OVERVIEW } ===============
=============== { START OVERVIEW } ==============
=========== objUsers ============
{
   "20": {
      "peer_id": "a771d5a9-eacc-4800-99f7-24720bc11ecd",
      "user_id": 20,
      "username": "usm1",
      "fullname": "Nguyễn Văn A",
      "private_room": "14011d49-3d2a-4a3a-93be-5a5e7ec26efa",
      "room_id": "14011d49-3d2a-4a3a-93be-5a5e7ec26efa",
      "options": {
         "camera": true,
         "microphone": true
      },
      "socket_id": "zyZ8pg_nccxI4wlCAAAJ"
   },
   "21": {
      "peer_id": "445a0866-1504-46b8-85d7-5981c6c1c459",
      "user_id": 21,
      "username": "usm2",
      "fullname": "Nguyễn Văn B",
      "private_room": "b25b69b2-f526-43e6-8c12-6bb0c9760ae8",
      "room_id": "b25b69b2-f526-43e6-8c12-6bb0c9760ae8",
      "options": {
         "camera": true,
         "microphone": true
      },
      "socket_id": "sQIryk5YxpumijaqAAAP"
   },
   "23": {
      "peer_id": "896cc5e8-1d1d-4c47-9d07-2089de8503a2",
      "user_id": 23,
      "username": "usm3",
      "fullname": "Nguyễn Văn C",
      "private_room": "62c4eec7-ecfd-43e6-a2ac-fbb2ecce1e0f",
      "room_id": "62c4eec7-ecfd-43e6-a2ac-fbb2ecce1e0f",
      "options": {
         "camera": true,
         "microphone": true
      },
      "socket_id": "ZxDWoGQO4Z1tP58tAAAN"
   }
}
=========== objSocket ===========
{
   "zyZ8pg_nccxI4wlCAAAJ": {
      "user_id": "20",
      "another_rooms": [
         "14011d49-3d2a-4a3a-93be-5a5e7ec26efa",
         "b25b69b2-f526-43e6-8c12-6bb0c9760ae8",
         "b25b69b2-f526-43e6-8c12-6bb0c9760ae8"
      ]
   },
   "ZxDWoGQO4Z1tP58tAAAN": {
      "private_room": "62c4eec7-ecfd-43e6-a2ac-fbb2ecce1e0f",
      "user_id": 23,
      "another_rooms": [
         "62c4eec7-ecfd-43e6-a2ac-fbb2ecce1e0f"
      ]
   },
   "sQIryk5YxpumijaqAAAP": {
      "private_room": "b25b69b2-f526-43e6-8c12-6bb0c9760ae8",
      "user_id": 21,
      "another_rooms": [
         "b25b69b2-f526-43e6-8c12-6bb0c9760ae8"
      ]
   }
}
============ objPeers ===========
{
   "a771d5a9-eacc-4800-99f7-24720bc11ecd": {
      "user_id": 20
   },
   "445a0866-1504-46b8-85d7-5981c6c1c459": {
      "user_id": 21
   },
   "896cc5e8-1d1d-4c47-9d07-2089de8503a2": {
      "user_id": 23
   }
}
============ objRooms ===========
{
   "14011d49-3d2a-4a3a-93be-5a5e7ec26efa": {
      "20": {
         "peer_id": "a771d5a9-eacc-4800-99f7-24720bc11ecd",
         "user_id": 20,
         "username": "usm1",
         "fullname": "Nguyễn Văn A",
         "private_room": "14011d49-3d2a-4a3a-93be-5a5e7ec26efa",
         "room_id": "14011d49-3d2a-4a3a-93be-5a5e7ec26efa",
         "options": {
            "camera": true,
            "microphone": true
         },
         "socket_id": "zyZ8pg_nccxI4wlCAAAJ"
      }
   },
   "b25b69b2-f526-43e6-8c12-6bb0c9760ae8": {
      "21": {
         "peer_id": "445a0866-1504-46b8-85d7-5981c6c1c459",
         "user_id": 21,
         "username": "usm2",
         "fullname": "Nguyễn Văn B",
         "private_room": "b25b69b2-f526-43e6-8c12-6bb0c9760ae8",
         "room_id": "b25b69b2-f526-43e6-8c12-6bb0c9760ae8",
         "options": {
            "camera": true,
            "microphone": true
         },
         "socket_id": "sQIryk5YxpumijaqAAAP"
      }
   },
   "62c4eec7-ecfd-43e6-a2ac-fbb2ecce1e0f": {
      "23": {
         "peer_id": "896cc5e8-1d1d-4c47-9d07-2089de8503a2",
         "user_id": 23,
         "username": "usm3",
         "fullname": "Nguyễn Văn C",
         "private_room": "62c4eec7-ecfd-43e6-a2ac-fbb2ecce1e0f",
         "room_id": "62c4eec7-ecfd-43e6-a2ac-fbb2ecce1e0f",
         "options": {
            "camera": true,
            "microphone": true
         },
         "socket_id": "ZxDWoGQO4Z1tP58tAAAN"
      }
   }
}
========= objPrivateRoom ========
{
   "14011d49-3d2a-4a3a-93be-5a5e7ec26efa": [
      "zyZ8pg_nccxI4wlCAAAJ"
   ],
   "b25b69b2-f526-43e6-8c12-6bb0c9760ae8": [
      "sQIryk5YxpumijaqAAAP"
   ],
   "62c4eec7-ecfd-43e6-a2ac-fbb2ecce1e0f": [
      "ZxDWoGQO4Z1tP58tAAAN"
   ]
}
=============== { END OVERVIEW } ===============
=============== { START OVERVIEW } ==============
=========== objUsers ============
{
   "20": {
      "peer_id": "a771d5a9-eacc-4800-99f7-24720bc11ecd",
      "user_id": 20,
      "username": "usm1",
      "fullname": "Nguyễn Văn A",
      "private_room": "14011d49-3d2a-4a3a-93be-5a5e7ec26efa",
      "room_id": "14011d49-3d2a-4a3a-93be-5a5e7ec26efa",
      "options": {
         "camera": true,
         "microphone": true
      },
      "socket_id": "zyZ8pg_nccxI4wlCAAAJ"
   },
   "21": {
      "peer_id": "445a0866-1504-46b8-85d7-5981c6c1c459",
      "user_id": 21,
      "username": "usm2",
      "fullname": "Nguyễn Văn B",
      "private_room": "b25b69b2-f526-43e6-8c12-6bb0c9760ae8",
      "room_id": "b25b69b2-f526-43e6-8c12-6bb0c9760ae8",
      "options": {
         "camera": true,
         "microphone": true
      },
      "socket_id": "sQIryk5YxpumijaqAAAP"
   },
   "23": {
      "peer_id": "896cc5e8-1d1d-4c47-9d07-2089de8503a2",
      "user_id": 23,
      "username": "usm3",
      "fullname": "Nguyễn Văn C",
      "private_room": "62c4eec7-ecfd-43e6-a2ac-fbb2ecce1e0f",
      "room_id": "62c4eec7-ecfd-43e6-a2ac-fbb2ecce1e0f",
      "options": {
         "camera": true,
         "microphone": true
      },
      "socket_id": "ZxDWoGQO4Z1tP58tAAAN"
   }
}
=========== objSocket ===========
{
   "zyZ8pg_nccxI4wlCAAAJ": {
      "user_id": "20",
      "another_rooms": [
         "14011d49-3d2a-4a3a-93be-5a5e7ec26efa",
         "b25b69b2-f526-43e6-8c12-6bb0c9760ae8",
         "b25b69b2-f526-43e6-8c12-6bb0c9760ae8"
      ]
   },
   "ZxDWoGQO4Z1tP58tAAAN": {
      "user_id": "23",
      "another_rooms": [
         "62c4eec7-ecfd-43e6-a2ac-fbb2ecce1e0f",
         "14011d49-3d2a-4a3a-93be-5a5e7ec26efa"
      ]
   },
   "sQIryk5YxpumijaqAAAP": {
      "private_room": "b25b69b2-f526-43e6-8c12-6bb0c9760ae8",
      "user_id": 21,
      "another_rooms": [
         "b25b69b2-f526-43e6-8c12-6bb0c9760ae8"
      ]
   }
}
============ objPeers ===========
{
   "a771d5a9-eacc-4800-99f7-24720bc11ecd": {
      "user_id": 20
   },
   "445a0866-1504-46b8-85d7-5981c6c1c459": {
      "user_id": 21
   },
   "896cc5e8-1d1d-4c47-9d07-2089de8503a2": {
      "user_id": 23
   }
}
============ objRooms ===========
{
   "14011d49-3d2a-4a3a-93be-5a5e7ec26efa": {
      "20": {
         "peer_id": "a771d5a9-eacc-4800-99f7-24720bc11ecd",
         "user_id": 20,
         "username": "usm1",
         "fullname": "Nguyễn Văn A",
         "private_room": "14011d49-3d2a-4a3a-93be-5a5e7ec26efa",
         "room_id": "14011d49-3d2a-4a3a-93be-5a5e7ec26efa",
         "options": {
            "camera": true,
            "microphone": true
         },
         "socket_id": "zyZ8pg_nccxI4wlCAAAJ"
      }
   },
   "b25b69b2-f526-43e6-8c12-6bb0c9760ae8": {
      "21": {
         "peer_id": "445a0866-1504-46b8-85d7-5981c6c1c459",
         "user_id": 21,
         "username": "usm2",
         "fullname": "Nguyễn Văn B",
         "private_room": "b25b69b2-f526-43e6-8c12-6bb0c9760ae8",
         "room_id": "b25b69b2-f526-43e6-8c12-6bb0c9760ae8",
         "options": {
            "camera": true,
            "microphone": true
         },
         "socket_id": "sQIryk5YxpumijaqAAAP"
      }
   },
   "62c4eec7-ecfd-43e6-a2ac-fbb2ecce1e0f": {
      "23": {
         "peer_id": "896cc5e8-1d1d-4c47-9d07-2089de8503a2",
         "user_id": 23,
         "username": "usm3",
         "fullname": "Nguyễn Văn C",
         "private_room": "62c4eec7-ecfd-43e6-a2ac-fbb2ecce1e0f",
         "room_id": "62c4eec7-ecfd-43e6-a2ac-fbb2ecce1e0f",
         "options": {
            "camera": true,
            "microphone": true
         },
         "socket_id": "ZxDWoGQO4Z1tP58tAAAN"
      }
   }
}
========= objPrivateRoom ========
{
   "14011d49-3d2a-4a3a-93be-5a5e7ec26efa": [
      "zyZ8pg_nccxI4wlCAAAJ"
   ],
   "b25b69b2-f526-43e6-8c12-6bb0c9760ae8": [
      "sQIryk5YxpumijaqAAAP"
   ],
   "62c4eec7-ecfd-43e6-a2ac-fbb2ecce1e0f": [
      "ZxDWoGQO4Z1tP58tAAAN"
   ]
}
=============== { END OVERVIEW } ===============
=============== { START OVERVIEW } ==============
=========== objUsers ============
{
   "20": {
      "peer_id": "a771d5a9-eacc-4800-99f7-24720bc11ecd",
      "user_id": 20,
      "username": "usm1",
      "fullname": "Nguyễn Văn A",
      "private_room": "14011d49-3d2a-4a3a-93be-5a5e7ec26efa",
      "room_id": "14011d49-3d2a-4a3a-93be-5a5e7ec26efa",
      "options": {
         "camera": true,
         "microphone": true
      },
      "socket_id": "zyZ8pg_nccxI4wlCAAAJ"
   },
   "21": {
      "peer_id": "445a0866-1504-46b8-85d7-5981c6c1c459",
      "user_id": 21,
      "username": "usm2",
      "fullname": "Nguyễn Văn B",
      "private_room": "b25b69b2-f526-43e6-8c12-6bb0c9760ae8",
      "room_id": "b25b69b2-f526-43e6-8c12-6bb0c9760ae8",
      "options": {
         "camera": true,
         "microphone": true
      },
      "socket_id": "sQIryk5YxpumijaqAAAP"
   },
   "23": {
      "peer_id": "896cc5e8-1d1d-4c47-9d07-2089de8503a2",
      "user_id": 23,
      "username": "usm3",
      "fullname": "Nguyễn Văn C",
      "private_room": "62c4eec7-ecfd-43e6-a2ac-fbb2ecce1e0f",
      "room_id": "62c4eec7-ecfd-43e6-a2ac-fbb2ecce1e0f",
      "options": {
         "camera": true,
         "microphone": true
      },
      "socket_id": "lV7RIr8QV-HQ-wJFAAAR"
   }
}
=========== objSocket ===========
{
   "zyZ8pg_nccxI4wlCAAAJ": {
      "user_id": "20",
      "another_rooms": [
         "14011d49-3d2a-4a3a-93be-5a5e7ec26efa",
         "b25b69b2-f526-43e6-8c12-6bb0c9760ae8",
         "b25b69b2-f526-43e6-8c12-6bb0c9760ae8"
      ]
   },
   "sQIryk5YxpumijaqAAAP": {
      "private_room": "b25b69b2-f526-43e6-8c12-6bb0c9760ae8",
      "user_id": 21,
      "another_rooms": [
         "b25b69b2-f526-43e6-8c12-6bb0c9760ae8"
      ]
   },
   "lV7RIr8QV-HQ-wJFAAAR": {
      "private_room": "62c4eec7-ecfd-43e6-a2ac-fbb2ecce1e0f",
      "user_id": 23,
      "another_rooms": [
         "62c4eec7-ecfd-43e6-a2ac-fbb2ecce1e0f"
      ]
   }
}
============ objPeers ===========
{
   "a771d5a9-eacc-4800-99f7-24720bc11ecd": {
      "user_id": 20
   },
   "445a0866-1504-46b8-85d7-5981c6c1c459": {
      "user_id": 21
   },
   "896cc5e8-1d1d-4c47-9d07-2089de8503a2": {
      "user_id": 23
   }
}
============ objRooms ===========
{
   "14011d49-3d2a-4a3a-93be-5a5e7ec26efa": {
      "20": {
         "peer_id": "a771d5a9-eacc-4800-99f7-24720bc11ecd",
         "user_id": 20,
         "username": "usm1",
         "fullname": "Nguyễn Văn A",
         "private_room": "14011d49-3d2a-4a3a-93be-5a5e7ec26efa",
         "room_id": "14011d49-3d2a-4a3a-93be-5a5e7ec26efa",
         "options": {
            "camera": true,
            "microphone": true
         },
         "socket_id": "zyZ8pg_nccxI4wlCAAAJ"
      }
   },
   "b25b69b2-f526-43e6-8c12-6bb0c9760ae8": {
      "21": {
         "peer_id": "445a0866-1504-46b8-85d7-5981c6c1c459",
         "user_id": 21,
         "username": "usm2",
         "fullname": "Nguyễn Văn B",
         "private_room": "b25b69b2-f526-43e6-8c12-6bb0c9760ae8",
         "room_id": "b25b69b2-f526-43e6-8c12-6bb0c9760ae8",
         "options": {
            "camera": true,
            "microphone": true
         },
         "socket_id": "sQIryk5YxpumijaqAAAP"
      }
   },
   "62c4eec7-ecfd-43e6-a2ac-fbb2ecce1e0f": {
      "23": {
         "peer_id": "896cc5e8-1d1d-4c47-9d07-2089de8503a2",
         "user_id": 23,
         "username": "usm3",
         "fullname": "Nguyễn Văn C",
         "private_room": "62c4eec7-ecfd-43e6-a2ac-fbb2ecce1e0f",
         "room_id": "62c4eec7-ecfd-43e6-a2ac-fbb2ecce1e0f",
         "options": {
            "camera": true,
            "microphone": true
         },
         "socket_id": "lV7RIr8QV-HQ-wJFAAAR"
      }
   }
}
========= objPrivateRoom ========
{
   "14011d49-3d2a-4a3a-93be-5a5e7ec26efa": [
      "zyZ8pg_nccxI4wlCAAAJ"
   ],
   "b25b69b2-f526-43e6-8c12-6bb0c9760ae8": [
      "sQIryk5YxpumijaqAAAP"
   ],
   "62c4eec7-ecfd-43e6-a2ac-fbb2ecce1e0f": [
      "lV7RIr8QV-HQ-wJFAAAR"
   ]
}
=============== { END OVERVIEW } ===============
=============== { START OVERVIEW } ==============
=========== objUsers ============
{
   "20": {
      "peer_id": "a771d5a9-eacc-4800-99f7-24720bc11ecd",
      "user_id": 20,
      "username": "usm1",
      "fullname": "Nguyễn Văn A",
      "private_room": "14011d49-3d2a-4a3a-93be-5a5e7ec26efa",
      "room_id": "14011d49-3d2a-4a3a-93be-5a5e7ec26efa",
      "options": {
         "camera": true,
         "microphone": true
      },
      "socket_id": "zyZ8pg_nccxI4wlCAAAJ"
   },
   "21": {
      "peer_id": "445a0866-1504-46b8-85d7-5981c6c1c459",
      "user_id": 21,
      "username": "usm2",
      "fullname": "Nguyễn Văn B",
      "private_room": "b25b69b2-f526-43e6-8c12-6bb0c9760ae8",
      "room_id": "b25b69b2-f526-43e6-8c12-6bb0c9760ae8",
      "options": {
         "camera": true,
         "microphone": true
      },
      "socket_id": "sQIryk5YxpumijaqAAAP"
   },
   "23": {
      "peer_id": "896cc5e8-1d1d-4c47-9d07-2089de8503a2",
      "user_id": 23,
      "username": "usm3",
      "fullname": "Nguyễn Văn C",
      "private_room": "62c4eec7-ecfd-43e6-a2ac-fbb2ecce1e0f",
      "room_id": "62c4eec7-ecfd-43e6-a2ac-fbb2ecce1e0f",
      "options": {
         "camera": true,
         "microphone": true
      },
      "socket_id": "lV7RIr8QV-HQ-wJFAAAR"
   }
}
=========== objSocket ===========
{
   "zyZ8pg_nccxI4wlCAAAJ": {
      "user_id": "20",
      "another_rooms": [
         "14011d49-3d2a-4a3a-93be-5a5e7ec26efa",
         "b25b69b2-f526-43e6-8c12-6bb0c9760ae8",
         "b25b69b2-f526-43e6-8c12-6bb0c9760ae8"
      ]
   },
   "sQIryk5YxpumijaqAAAP": {
      "private_room": "b25b69b2-f526-43e6-8c12-6bb0c9760ae8",
      "user_id": 21,
      "another_rooms": [
         "b25b69b2-f526-43e6-8c12-6bb0c9760ae8"
      ]
   },
   "lV7RIr8QV-HQ-wJFAAAR": {
      "user_id": "23",
      "another_rooms": [
         "62c4eec7-ecfd-43e6-a2ac-fbb2ecce1e0f",
         "14011d49-3d2a-4a3a-93be-5a5e7ec26efa"
      ]
   }
}
============ objPeers ===========
{
   "a771d5a9-eacc-4800-99f7-24720bc11ecd": {
      "user_id": 20
   },
   "445a0866-1504-46b8-85d7-5981c6c1c459": {
      "user_id": 21
   },
   "896cc5e8-1d1d-4c47-9d07-2089de8503a2": {
      "user_id": 23
   }
}
============ objRooms ===========
{
   "14011d49-3d2a-4a3a-93be-5a5e7ec26efa": {
      "20": {
         "peer_id": "a771d5a9-eacc-4800-99f7-24720bc11ecd",
         "user_id": 20,
         "username": "usm1",
         "fullname": "Nguyễn Văn A",
         "private_room": "14011d49-3d2a-4a3a-93be-5a5e7ec26efa",
         "room_id": "14011d49-3d2a-4a3a-93be-5a5e7ec26efa",
         "options": {
            "camera": true,
            "microphone": true
         },
         "socket_id": "zyZ8pg_nccxI4wlCAAAJ"
      }
   },
   "b25b69b2-f526-43e6-8c12-6bb0c9760ae8": {
      "21": {
         "peer_id": "445a0866-1504-46b8-85d7-5981c6c1c459",
         "user_id": 21,
         "username": "usm2",
         "fullname": "Nguyễn Văn B",
         "private_room": "b25b69b2-f526-43e6-8c12-6bb0c9760ae8",
         "room_id": "b25b69b2-f526-43e6-8c12-6bb0c9760ae8",
         "options": {
            "camera": true,
            "microphone": true
         },
         "socket_id": "sQIryk5YxpumijaqAAAP"
      }
   },
   "62c4eec7-ecfd-43e6-a2ac-fbb2ecce1e0f": {
      "23": {
         "peer_id": "896cc5e8-1d1d-4c47-9d07-2089de8503a2",
         "user_id": 23,
         "username": "usm3",
         "fullname": "Nguyễn Văn C",
         "private_room": "62c4eec7-ecfd-43e6-a2ac-fbb2ecce1e0f",
         "room_id": "62c4eec7-ecfd-43e6-a2ac-fbb2ecce1e0f",
         "options": {
            "camera": true,
            "microphone": true
         },
         "socket_id": "lV7RIr8QV-HQ-wJFAAAR"
      }
   }
}
========= objPrivateRoom ========
{
   "14011d49-3d2a-4a3a-93be-5a5e7ec26efa": [
      "zyZ8pg_nccxI4wlCAAAJ"
   ],
   "b25b69b2-f526-43e6-8c12-6bb0c9760ae8": [
      "sQIryk5YxpumijaqAAAP"
   ],
   "62c4eec7-ecfd-43e6-a2ac-fbb2ecce1e0f": [
      "lV7RIr8QV-HQ-wJFAAAR"
   ]
}
=============== { END OVERVIEW } ===============
=============== { START OVERVIEW } ==============
=========== objUsers ============
{
   "20": {
      "peer_id": "a771d5a9-eacc-4800-99f7-24720bc11ecd",
      "user_id": 20,
      "username": "usm1",
      "fullname": "Nguyễn Văn A",
      "private_room": "14011d49-3d2a-4a3a-93be-5a5e7ec26efa",
      "room_id": "14011d49-3d2a-4a3a-93be-5a5e7ec26efa",
      "options": {
         "camera": true,
         "microphone": true
      },
      "socket_id": "WPCI-hGnZiNH0SFmAAAT"
   },
   "21": {
      "peer_id": "445a0866-1504-46b8-85d7-5981c6c1c459",
      "user_id": 21,
      "username": "usm2",
      "fullname": "Nguyễn Văn B",
      "private_room": "b25b69b2-f526-43e6-8c12-6bb0c9760ae8",
      "room_id": "b25b69b2-f526-43e6-8c12-6bb0c9760ae8",
      "options": {
         "camera": true,
         "microphone": true
      },
      "socket_id": "sQIryk5YxpumijaqAAAP"
   },
   "23": {
      "peer_id": "896cc5e8-1d1d-4c47-9d07-2089de8503a2",
      "user_id": 23,
      "username": "usm3",
      "fullname": "Nguyễn Văn C",
      "private_room": "62c4eec7-ecfd-43e6-a2ac-fbb2ecce1e0f",
      "room_id": "62c4eec7-ecfd-43e6-a2ac-fbb2ecce1e0f",
      "options": {
         "camera": true,
         "microphone": true
      },
      "socket_id": "lV7RIr8QV-HQ-wJFAAAR"
   }
}
=========== objSocket ===========
{
   "sQIryk5YxpumijaqAAAP": {
      "private_room": "b25b69b2-f526-43e6-8c12-6bb0c9760ae8",
      "user_id": 21,
      "another_rooms": [
         "b25b69b2-f526-43e6-8c12-6bb0c9760ae8"
      ]
   },
   "lV7RIr8QV-HQ-wJFAAAR": {
      "user_id": "23",
      "another_rooms": [
         "62c4eec7-ecfd-43e6-a2ac-fbb2ecce1e0f",
         "14011d49-3d2a-4a3a-93be-5a5e7ec26efa"
      ]
   },
   "WPCI-hGnZiNH0SFmAAAT": {
      "private_room": "14011d49-3d2a-4a3a-93be-5a5e7ec26efa",
      "user_id": 20,
      "another_rooms": [
         "14011d49-3d2a-4a3a-93be-5a5e7ec26efa"
      ]
   }
}
============ objPeers ===========
{
   "a771d5a9-eacc-4800-99f7-24720bc11ecd": {
      "user_id": 20
   },
   "445a0866-1504-46b8-85d7-5981c6c1c459": {
      "user_id": 21
   },
   "896cc5e8-1d1d-4c47-9d07-2089de8503a2": {
      "user_id": 23
   }
}
============ objRooms ===========
{
   "14011d49-3d2a-4a3a-93be-5a5e7ec26efa": {
      "20": {
         "peer_id": "a771d5a9-eacc-4800-99f7-24720bc11ecd",
         "user_id": 20,
         "username": "usm1",
         "fullname": "Nguyễn Văn A",
         "private_room": "14011d49-3d2a-4a3a-93be-5a5e7ec26efa",
         "room_id": "14011d49-3d2a-4a3a-93be-5a5e7ec26efa",
         "options": {
            "camera": true,
            "microphone": true
         },
         "socket_id": "WPCI-hGnZiNH0SFmAAAT"
      }
   },
   "b25b69b2-f526-43e6-8c12-6bb0c9760ae8": {
      "21": {
         "peer_id": "445a0866-1504-46b8-85d7-5981c6c1c459",
         "user_id": 21,
         "username": "usm2",
         "fullname": "Nguyễn Văn B",
         "private_room": "b25b69b2-f526-43e6-8c12-6bb0c9760ae8",
         "room_id": "b25b69b2-f526-43e6-8c12-6bb0c9760ae8",
         "options": {
            "camera": true,
            "microphone": true
         },
         "socket_id": "sQIryk5YxpumijaqAAAP"
      }
   },
   "62c4eec7-ecfd-43e6-a2ac-fbb2ecce1e0f": {
      "23": {
         "peer_id": "896cc5e8-1d1d-4c47-9d07-2089de8503a2",
         "user_id": 23,
         "username": "usm3",
         "fullname": "Nguyễn Văn C",
         "private_room": "62c4eec7-ecfd-43e6-a2ac-fbb2ecce1e0f",
         "room_id": "62c4eec7-ecfd-43e6-a2ac-fbb2ecce1e0f",
         "options": {
            "camera": true,
            "microphone": true
         },
         "socket_id": "lV7RIr8QV-HQ-wJFAAAR"
      }
   }
}
========= objPrivateRoom ========
{
   "14011d49-3d2a-4a3a-93be-5a5e7ec26efa": [
      "WPCI-hGnZiNH0SFmAAAT"
   ],
   "b25b69b2-f526-43e6-8c12-6bb0c9760ae8": [
      "sQIryk5YxpumijaqAAAP"
   ],
   "62c4eec7-ecfd-43e6-a2ac-fbb2ecce1e0f": [
      "lV7RIr8QV-HQ-wJFAAAR"
   ]
}
=============== { END OVERVIEW } ===============
=============== { START OVERVIEW } ==============
=========== objUsers ============
{
   "20": {
      "peer_id": "a771d5a9-eacc-4800-99f7-24720bc11ecd",
      "user_id": 20,
      "username": "usm1",
      "fullname": "Nguyễn Văn A",
      "private_room": "14011d49-3d2a-4a3a-93be-5a5e7ec26efa",
      "room_id": "663a5517-46da-42f8-9081-65efb1fb2b49",
      "options": {
         "camera": true,
         "microphone": true
      },
      "socket_id": "WPCI-hGnZiNH0SFmAAAT",
      "callroom": "663a5517-46da-42f8-9081-65efb1fb2b49"
   },
   "21": {
      "peer_id": "445a0866-1504-46b8-85d7-5981c6c1c459",
      "user_id": 21,
      "username": "usm2",
      "fullname": "Nguyễn Văn B",
      "private_room": "b25b69b2-f526-43e6-8c12-6bb0c9760ae8",
      "room_id": "663a5517-46da-42f8-9081-65efb1fb2b49",
      "options": {
         "camera": true,
         "microphone": true
      },
      "socket_id": "sQIryk5YxpumijaqAAAP",
      "callroom": "663a5517-46da-42f8-9081-65efb1fb2b49"
   },
   "23": {
      "peer_id": "896cc5e8-1d1d-4c47-9d07-2089de8503a2",
      "user_id": 23,
      "username": "usm3",
      "fullname": "Nguyễn Văn C",
      "private_room": "62c4eec7-ecfd-43e6-a2ac-fbb2ecce1e0f",
      "room_id": "62c4eec7-ecfd-43e6-a2ac-fbb2ecce1e0f",
      "options": {
         "camera": true,
         "microphone": true
      },
      "socket_id": "43Zj7UlBjYAX1CM5AAAb"
   }
}
=========== objSocket ===========
{
   "sQIryk5YxpumijaqAAAP": {
      "private_room": "b25b69b2-f526-43e6-8c12-6bb0c9760ae8",
      "user_id": 21,
      "another_rooms": [
         "b25b69b2-f526-43e6-8c12-6bb0c9760ae8"
      ]
   },
   "WPCI-hGnZiNH0SFmAAAT": {
      "private_room": "14011d49-3d2a-4a3a-93be-5a5e7ec26efa",
      "user_id": 20,
      "another_rooms": [
         "14011d49-3d2a-4a3a-93be-5a5e7ec26efa"
      ]
   },
   "43Zj7UlBjYAX1CM5AAAb": {
      "private_room": "62c4eec7-ecfd-43e6-a2ac-fbb2ecce1e0f",
      "user_id": 23,
      "another_rooms": [
         "62c4eec7-ecfd-43e6-a2ac-fbb2ecce1e0f"
      ]
   }
}
============ objPeers ===========
{
   "a771d5a9-eacc-4800-99f7-24720bc11ecd": {
      "user_id": 20
   },
   "445a0866-1504-46b8-85d7-5981c6c1c459": {
      "user_id": 21
   },
   "896cc5e8-1d1d-4c47-9d07-2089de8503a2": {
      "user_id": 23
   }
}
============ objRooms ===========
{
   "14011d49-3d2a-4a3a-93be-5a5e7ec26efa": {
      "20": {
         "peer_id": "a771d5a9-eacc-4800-99f7-24720bc11ecd",
         "user_id": 20,
         "username": "usm1",
         "fullname": "Nguyễn Văn A",
         "private_room": "14011d49-3d2a-4a3a-93be-5a5e7ec26efa",
         "room_id": "663a5517-46da-42f8-9081-65efb1fb2b49",
         "options": {
            "camera": true,
            "microphone": true
         },
         "socket_id": "WPCI-hGnZiNH0SFmAAAT",
         "callroom": "663a5517-46da-42f8-9081-65efb1fb2b49"
      }
   },
   "b25b69b2-f526-43e6-8c12-6bb0c9760ae8": {
      "21": {
         "peer_id": "445a0866-1504-46b8-85d7-5981c6c1c459",
         "user_id": 21,
         "username": "usm2",
         "fullname": "Nguyễn Văn B",
         "private_room": "b25b69b2-f526-43e6-8c12-6bb0c9760ae8",
         "room_id": "663a5517-46da-42f8-9081-65efb1fb2b49",
         "options": {
            "camera": true,
            "microphone": true
         },
         "socket_id": "sQIryk5YxpumijaqAAAP",
         "callroom": "663a5517-46da-42f8-9081-65efb1fb2b49"
      }
   },
   "62c4eec7-ecfd-43e6-a2ac-fbb2ecce1e0f": {
      "23": {
         "peer_id": "896cc5e8-1d1d-4c47-9d07-2089de8503a2",
         "user_id": 23,
         "username": "usm3",
         "fullname": "Nguyễn Văn C",
         "private_room": "62c4eec7-ecfd-43e6-a2ac-fbb2ecce1e0f",
         "room_id": "62c4eec7-ecfd-43e6-a2ac-fbb2ecce1e0f",
         "options": {
            "camera": true,
            "microphone": true
         },
         "socket_id": "43Zj7UlBjYAX1CM5AAAb"
      }
   },
   "663a5517-46da-42f8-9081-65efb1fb2b49": {}
}
========= objPrivateRoom ========
{
   "14011d49-3d2a-4a3a-93be-5a5e7ec26efa": [
      "WPCI-hGnZiNH0SFmAAAT"
   ],
   "b25b69b2-f526-43e6-8c12-6bb0c9760ae8": [
      "sQIryk5YxpumijaqAAAP"
   ],
   "62c4eec7-ecfd-43e6-a2ac-fbb2ecce1e0f": [
      "43Zj7UlBjYAX1CM5AAAb"
   ]
}
=============== { END OVERVIEW } ===============
=============== { START OVERVIEW } ==============
=========== objUsers ============
{
   "20": {
      "peer_id": "a771d5a9-eacc-4800-99f7-24720bc11ecd",
      "user_id": 20,
      "username": "usm1",
      "fullname": "Nguyễn Văn A",
      "private_room": "14011d49-3d2a-4a3a-93be-5a5e7ec26efa",
      "room_id": "663a5517-46da-42f8-9081-65efb1fb2b49",
      "options": {
         "camera": true,
         "microphone": true
      },
      "socket_id": "WPCI-hGnZiNH0SFmAAAT",
      "callroom": "663a5517-46da-42f8-9081-65efb1fb2b49"
   },
   "21": {
      "peer_id": "445a0866-1504-46b8-85d7-5981c6c1c459",
      "user_id": 21,
      "username": "usm2",
      "fullname": "Nguyễn Văn B",
      "private_room": "b25b69b2-f526-43e6-8c12-6bb0c9760ae8",
      "room_id": "b25b69b2-f526-43e6-8c12-6bb0c9760ae8",
      "options": {
         "camera": true,
         "microphone": true
      },
      "socket_id": "Vrwd3Vc56F2pz_1LAAAd"
   },
   "23": {
      "peer_id": "896cc5e8-1d1d-4c47-9d07-2089de8503a2",
      "user_id": 23,
      "username": "usm3",
      "fullname": "Nguyễn Văn C",
      "private_room": "62c4eec7-ecfd-43e6-a2ac-fbb2ecce1e0f",
      "room_id": "62c4eec7-ecfd-43e6-a2ac-fbb2ecce1e0f",
      "options": {
         "camera": true,
         "microphone": true
      },
      "socket_id": "43Zj7UlBjYAX1CM5AAAb"
   }
}
=========== objSocket ===========
{
   "WPCI-hGnZiNH0SFmAAAT": {
      "private_room": "14011d49-3d2a-4a3a-93be-5a5e7ec26efa",
      "user_id": 20,
      "another_rooms": [
         "14011d49-3d2a-4a3a-93be-5a5e7ec26efa"
      ]
   },
   "43Zj7UlBjYAX1CM5AAAb": {
      "private_room": "62c4eec7-ecfd-43e6-a2ac-fbb2ecce1e0f",
      "user_id": 23,
      "another_rooms": [
         "62c4eec7-ecfd-43e6-a2ac-fbb2ecce1e0f"
      ]
   },
   "Vrwd3Vc56F2pz_1LAAAd": {
      "private_room": "b25b69b2-f526-43e6-8c12-6bb0c9760ae8",
      "user_id": 21,
      "another_rooms": [
         "b25b69b2-f526-43e6-8c12-6bb0c9760ae8"
      ]
   }
}
============ objPeers ===========
{
   "a771d5a9-eacc-4800-99f7-24720bc11ecd": {
      "user_id": 20
   },
   "445a0866-1504-46b8-85d7-5981c6c1c459": {
      "user_id": 21
   },
   "896cc5e8-1d1d-4c47-9d07-2089de8503a2": {
      "user_id": 23
   }
}
============ objRooms ===========
{
   "14011d49-3d2a-4a3a-93be-5a5e7ec26efa": {
      "20": {
         "peer_id": "a771d5a9-eacc-4800-99f7-24720bc11ecd",
         "user_id": 20,
         "username": "usm1",
         "fullname": "Nguyễn Văn A",
         "private_room": "14011d49-3d2a-4a3a-93be-5a5e7ec26efa",
         "room_id": "663a5517-46da-42f8-9081-65efb1fb2b49",
         "options": {
            "camera": true,
            "microphone": true
         },
         "socket_id": "WPCI-hGnZiNH0SFmAAAT",
         "callroom": "663a5517-46da-42f8-9081-65efb1fb2b49"
      }
   },
   "b25b69b2-f526-43e6-8c12-6bb0c9760ae8": {
      "21": {
         "peer_id": "445a0866-1504-46b8-85d7-5981c6c1c459",
         "user_id": 21,
         "username": "usm2",
         "fullname": "Nguyễn Văn B",
         "private_room": "b25b69b2-f526-43e6-8c12-6bb0c9760ae8",
         "room_id": "b25b69b2-f526-43e6-8c12-6bb0c9760ae8",
         "options": {
            "camera": true,
            "microphone": true
         },
         "socket_id": "Vrwd3Vc56F2pz_1LAAAd"
      }
   },
   "62c4eec7-ecfd-43e6-a2ac-fbb2ecce1e0f": {
      "23": {
         "peer_id": "896cc5e8-1d1d-4c47-9d07-2089de8503a2",
         "user_id": 23,
         "username": "usm3",
         "fullname": "Nguyễn Văn C",
         "private_room": "62c4eec7-ecfd-43e6-a2ac-fbb2ecce1e0f",
         "room_id": "62c4eec7-ecfd-43e6-a2ac-fbb2ecce1e0f",
         "options": {
            "camera": true,
            "microphone": true
         },
         "socket_id": "43Zj7UlBjYAX1CM5AAAb"
      }
   },
   "663a5517-46da-42f8-9081-65efb1fb2b49": {}
}
========= objPrivateRoom ========
{
   "14011d49-3d2a-4a3a-93be-5a5e7ec26efa": [
      "WPCI-hGnZiNH0SFmAAAT"
   ],
   "b25b69b2-f526-43e6-8c12-6bb0c9760ae8": [
      "Vrwd3Vc56F2pz_1LAAAd"
   ],
   "62c4eec7-ecfd-43e6-a2ac-fbb2ecce1e0f": [
      "43Zj7UlBjYAX1CM5AAAb"
   ]
}
=============== { END OVERVIEW } ===============
=============== { START OVERVIEW } ==============
=========== objUsers ============
{
   "20": {
      "peer_id": "a771d5a9-eacc-4800-99f7-24720bc11ecd",
      "user_id": 20,
      "username": "usm1",
      "fullname": "Nguyễn Văn A",
      "private_room": "14011d49-3d2a-4a3a-93be-5a5e7ec26efa",
      "room_id": "14011d49-3d2a-4a3a-93be-5a5e7ec26efa",
      "options": {
         "camera": true,
         "microphone": true
      },
      "socket_id": "pdAh52si2cqDN3duAAAf"
   },
   "21": {
      "peer_id": "445a0866-1504-46b8-85d7-5981c6c1c459",
      "user_id": 21,
      "username": "usm2",
      "fullname": "Nguyễn Văn B",
      "private_room": "b25b69b2-f526-43e6-8c12-6bb0c9760ae8",
      "room_id": "b25b69b2-f526-43e6-8c12-6bb0c9760ae8",
      "options": {
         "camera": true,
         "microphone": true
      },
      "socket_id": "Vrwd3Vc56F2pz_1LAAAd"
   },
   "23": {
      "peer_id": "896cc5e8-1d1d-4c47-9d07-2089de8503a2",
      "user_id": 23,
      "username": "usm3",
      "fullname": "Nguyễn Văn C",
      "private_room": "62c4eec7-ecfd-43e6-a2ac-fbb2ecce1e0f",
      "room_id": "62c4eec7-ecfd-43e6-a2ac-fbb2ecce1e0f",
      "options": {
         "camera": true,
         "microphone": true
      },
      "socket_id": "43Zj7UlBjYAX1CM5AAAb"
   }
}
=========== objSocket ===========
{
   "43Zj7UlBjYAX1CM5AAAb": {
      "private_room": "62c4eec7-ecfd-43e6-a2ac-fbb2ecce1e0f",
      "user_id": 23,
      "another_rooms": [
         "62c4eec7-ecfd-43e6-a2ac-fbb2ecce1e0f"
      ]
   },
   "Vrwd3Vc56F2pz_1LAAAd": {
      "private_room": "b25b69b2-f526-43e6-8c12-6bb0c9760ae8",
      "user_id": 21,
      "another_rooms": [
         "b25b69b2-f526-43e6-8c12-6bb0c9760ae8"
      ]
   },
   "pdAh52si2cqDN3duAAAf": {
      "private_room": "14011d49-3d2a-4a3a-93be-5a5e7ec26efa",
      "user_id": 20,
      "another_rooms": [
         "14011d49-3d2a-4a3a-93be-5a5e7ec26efa"
      ]
   }
}
============ objPeers ===========
{
   "a771d5a9-eacc-4800-99f7-24720bc11ecd": {
      "user_id": 20
   },
   "445a0866-1504-46b8-85d7-5981c6c1c459": {
      "user_id": 21
   },
   "896cc5e8-1d1d-4c47-9d07-2089de8503a2": {
      "user_id": 23
   }
}
============ objRooms ===========
{
   "14011d49-3d2a-4a3a-93be-5a5e7ec26efa": {
      "20": {
         "peer_id": "a771d5a9-eacc-4800-99f7-24720bc11ecd",
         "user_id": 20,
         "username": "usm1",
         "fullname": "Nguyễn Văn A",
         "private_room": "14011d49-3d2a-4a3a-93be-5a5e7ec26efa",
         "room_id": "14011d49-3d2a-4a3a-93be-5a5e7ec26efa",
         "options": {
            "camera": true,
            "microphone": true
         },
         "socket_id": "pdAh52si2cqDN3duAAAf"
      }
   },
   "b25b69b2-f526-43e6-8c12-6bb0c9760ae8": {
      "21": {
         "peer_id": "445a0866-1504-46b8-85d7-5981c6c1c459",
         "user_id": 21,
         "username": "usm2",
         "fullname": "Nguyễn Văn B",
         "private_room": "b25b69b2-f526-43e6-8c12-6bb0c9760ae8",
         "room_id": "b25b69b2-f526-43e6-8c12-6bb0c9760ae8",
         "options": {
            "camera": true,
            "microphone": true
         },
         "socket_id": "Vrwd3Vc56F2pz_1LAAAd"
      }
   },
   "62c4eec7-ecfd-43e6-a2ac-fbb2ecce1e0f": {
      "23": {
         "peer_id": "896cc5e8-1d1d-4c47-9d07-2089de8503a2",
         "user_id": 23,
         "username": "usm3",
         "fullname": "Nguyễn Văn C",
         "private_room": "62c4eec7-ecfd-43e6-a2ac-fbb2ecce1e0f",
         "room_id": "62c4eec7-ecfd-43e6-a2ac-fbb2ecce1e0f",
         "options": {
            "camera": true,
            "microphone": true
         },
         "socket_id": "43Zj7UlBjYAX1CM5AAAb"
      }
   },
   "663a5517-46da-42f8-9081-65efb1fb2b49": {}
}
========= objPrivateRoom ========
{
   "14011d49-3d2a-4a3a-93be-5a5e7ec26efa": [
      "pdAh52si2cqDN3duAAAf"
   ],
   "b25b69b2-f526-43e6-8c12-6bb0c9760ae8": [
      "Vrwd3Vc56F2pz_1LAAAd"
   ],
   "62c4eec7-ecfd-43e6-a2ac-fbb2ecce1e0f": [
      "43Zj7UlBjYAX1CM5AAAb"
   ]
}
=============== { END OVERVIEW } ===============
