=============  PENDING CALL ============
{
   "b25b69b2-f526-43e6-8c12-6bb0c9760ae8": {
      "request_user_id": "20",
      "master_user_id": "21",
      "socket_id": "P5UWuwJ9WFeuTgY7AAAF",
      "room_id": "b25b69b2-f526-43e6-8c12-6bb0c9760ae8"
   }
}
============= / PENDING CALL ============
=============  PENDING CALL ============
{
   "b25b69b2-f526-43e6-8c12-6bb0c9760ae8": {
      "request_user_id": "20",
      "master_user_id": "21",
      "socket_id": "zyZ8pg_nccxI4wlCAAAJ",
      "room_id": "b25b69b2-f526-43e6-8c12-6bb0c9760ae8"
   }
}
============= / PENDING CALL ============
=============  PENDING CALL ============
{
   "b25b69b2-f526-43e6-8c12-6bb0c9760ae8": {
      "request_user_id": "20",
      "master_user_id": "21",
      "socket_id": "zyZ8pg_nccxI4wlCAAAJ",
      "room_id": "b25b69b2-f526-43e6-8c12-6bb0c9760ae8"
   }
}
============= / PENDING CALL ============
=============  PENDING CALL ============
{
   "14011d49-3d2a-4a3a-93be-5a5e7ec26efa": {
      "request_user_id": "23",
      "master_user_id": "20",
      "socket_id": "ZxDWoGQO4Z1tP58tAAAN",
      "room_id": "14011d49-3d2a-4a3a-93be-5a5e7ec26efa"
   }
}
============= / PENDING CALL ============
=============  PENDING CALL ============
{
   "14011d49-3d2a-4a3a-93be-5a5e7ec26efa": {
      "request_user_id": "23",
      "master_user_id": "20",
      "socket_id": "lV7RIr8QV-HQ-wJFAAAR",
      "room_id": "14011d49-3d2a-4a3a-93be-5a5e7ec26efa"
   }
}
============= / PENDING CALL ============
