==================  REQUEST CALL =================
request_user_id: 20
room_id: b25b69b2-f526-43e6-8c12-6bb0c9760ae8
================== / REQUEST CALL =================
==================  REQUEST CALL =================
request_user_id: 23
room_id: 14011d49-3d2a-4a3a-93be-5a5e7ec26efa
================== / REQUEST CALL =================
==================  REQUEST CALL =================
request_user_id: 23
room_id: b25b69b2-f526-43e6-8c12-6bb0c9760ae8
================== / REQUEST CALL =================
==================  REQUEST CALL =================
request_user_id: 23
room_id: e5fbcf53-e6ba-447b-b1cc-e37213ad4cd3
================== / REQUEST CALL =================
==================  REQUEST CALL OFF =================
undefined
================== / REQUEST CALL OFF =================
==================  REQUEST CALL =================
request_user_id: 20
room_id: b25b69b2-f526-43e6-8c12-6bb0c9760ae8
================== / REQUEST CALL =================
==================  REQUEST CALL =================
request_user_id: 23
room_id: 14011d49-3d2a-4a3a-93be-5a5e7ec26efa
================== / REQUEST CALL =================
==================  REQUEST CALL =================
request_user_id: 23
room_id: b25b69b2-f526-43e6-8c12-6bb0c9760ae8
================== / REQUEST CALL =================
==================  REQUEST CALL =================
request_user_id: 23
room_id: e5fbcf53-e6ba-447b-b1cc-e37213ad4cd3
================== / REQUEST CALL =================
==================  REQUEST CALL OFF =================
{
   "id": 24,
   "username": "khang",
   "fullname": "khang"
}
================== / REQUEST CALL OFF =================
==================  REQUEST CALL =================
request_user_id: 23
room_id: 368feec6-d5cf-4e4d-950a-23e68606f01c
================== / REQUEST CALL =================
==================  REQUEST CALL OFF =================
{
   "id": 25,
   "username": "thong",
   "fullname": "Thông"
}
================== / REQUEST CALL OFF =================
==================  REQUEST CALL =================
request_user_id: 23
room_id: 7dee781b-000c-4b3f-857c-ad3a5fd6ea46
================== / REQUEST CALL =================
==================  REQUEST CALL OFF =================
{
   "id": 26,
   "username": "ky",
   "fullname": "Kỳ"
}
================== / REQUEST CALL OFF =================
==================  REQUEST CALL =================
request_user_id: 20
room_id: b25b69b2-f526-43e6-8c12-6bb0c9760ae8
================== / REQUEST CALL =================
==================  REQUEST CALL =================
request_user_id: 20
room_id: b25b69b2-f526-43e6-8c12-6bb0c9760ae8
================== / REQUEST CALL =================
==================  REQUEST CALL =================
request_user_id: 23
room_id: 14011d49-3d2a-4a3a-93be-5a5e7ec26efa
================== / REQUEST CALL =================
==================  REQUEST CALL =================
request_user_id: 23
room_id: b25b69b2-f526-43e6-8c12-6bb0c9760ae8
================== / REQUEST CALL =================
==================  REQUEST CALL =================
request_user_id: 23
room_id: e5fbcf53-e6ba-447b-b1cc-e37213ad4cd3
================== / REQUEST CALL =================
==================  REQUEST CALL OFF =================
{
   "id": 24,
   "username": "khang",
   "fullname": "khang"
}
================== / REQUEST CALL OFF =================
==================  REQUEST CALL =================
request_user_id: 23
room_id: 7dee781b-000c-4b3f-857c-ad3a5fd6ea46
================== / REQUEST CALL =================
==================  REQUEST CALL OFF =================
{
   "id": 26,
   "username": "ky",
   "fullname": "Kỳ"
}
================== / REQUEST CALL OFF =================
==================  REQUEST CALL =================
request_user_id: 20
room_id: b25b69b2-f526-43e6-8c12-6bb0c9760ae8
================== / REQUEST CALL =================
==================  REQUEST CALL =================
request_user_id: 20
room_id: b25b69b2-f526-43e6-8c12-6bb0c9760ae8
================== / REQUEST CALL =================
==================  REQUEST CALL =================
request_user_id: 23
room_id: 14011d49-3d2a-4a3a-93be-5a5e7ec26efa
================== / REQUEST CALL =================
==================  REQUEST CALL =================
request_user_id: 23
room_id: b25b69b2-f526-43e6-8c12-6bb0c9760ae8
================== / REQUEST CALL =================
==================  REQUEST CALL =================
request_user_id: 20
room_id: b25b69b2-f526-43e6-8c12-6bb0c9760ae8
================== / REQUEST CALL =================
==================  REQUEST CALL =================
request_user_id: 23
room_id: 14011d49-3d2a-4a3a-93be-5a5e7ec26efa
================== / REQUEST CALL =================
==================  REQUEST CALL =================
request_user_id: 23
room_id: 14011d49-3d2a-4a3a-93be-5a5e7ec26efa
================== / REQUEST CALL =================
==================  REQUEST CALL =================
request_user_id: 21
room_id: 14011d49-3d2a-4a3a-93be-5a5e7ec26efa
================== / REQUEST CALL =================
==================  REQUEST CALL =================
request_user_id: 21
room_id: 62c4eec7-ecfd-43e6-a2ac-fbb2ecce1e0f
================== / REQUEST CALL =================
==================  REQUEST CALL =================
request_user_id: 20
room_id: 663a5517-46da-42f8-9081-65efb1fb2b49
================== / REQUEST CALL =================
==================  REQUEST CALL =================
request_user_id: 20
room_id: b25b69b2-f526-43e6-8c12-6bb0c9760ae8
================== / REQUEST CALL =================
==================  REQUEST CALL =================
request_user_id: 20
room_id: b25b69b2-f526-43e6-8c12-6bb0c9760ae8
================== / REQUEST CALL =================
==================  REQUEST CALL =================
request_user_id: 20
room_id: b25b69b2-f526-43e6-8c12-6bb0c9760ae8
================== / REQUEST CALL =================
==================  REQUEST CALL =================
request_user_id: 20
room_id: b25b69b2-f526-43e6-8c12-6bb0c9760ae8
================== / REQUEST CALL =================
==================  REQUEST CALL =================
request_user_id: 24
room_id: 663a5517-46da-42f8-9081-65efb1fb2b49
================== / REQUEST CALL =================
==================  REQUEST CALL =================
request_user_id: 20
room_id: e53bf3f5-5491-4b68-8305-774e3dc7feaa
================== / REQUEST CALL =================
==================  REQUEST CALL =================
request_user_id: 24
room_id: 14011d49-3d2a-4a3a-93be-5a5e7ec26efa
================== / REQUEST CALL =================
==================  REQUEST CALL =================
request_user_id: 24
room_id: b25b69b2-f526-43e6-8c12-6bb0c9760ae8
================== / REQUEST CALL =================
==================  REQUEST CALL =================
request_user_id: 24
room_id: 62c4eec7-ecfd-43e6-a2ac-fbb2ecce1e0f
================== / REQUEST CALL =================
==================  REQUEST CALL =================
request_user_id: 20
room_id: 663a5517-46da-42f8-9081-65efb1fb2b49
================== / REQUEST CALL =================
