=============  REQUEST JOIN ============
{
   "id": 39,
   "user_id": 21,
   "room_id": "b25b69b2-f526-43e6-8c12-6bb0c9760ae8",
   "pending": 0
}
============= / REQUEST JOIN ============
=============  REQUEST JOIN ============
{
   "peer_id": "a771d5a9-eacc-4800-99f7-24720bc11ecd",
   "user_id": 20,
   "username": "usm1",
   "fullname": "Nguyễn Văn A",
   "private_room": "14011d49-3d2a-4a3a-93be-5a5e7ec26efa",
   "room_id": "14011d49-3d2a-4a3a-93be-5a5e7ec26efa",
   "options": {
      "camera": true,
      "microphone": true
   },
   "socket_id": "sn6F8c0-hTiRC0iGAAAH"
}
============= / REQUEST JOIN ============
