{
   "peer_id": "a771d5a9-eacc-4800-99f7-24720bc11ecd",
   "user_id": 20,
   "username": "usm1",
   "fullname": "Nguyễn Văn A",
   "private_room": "14011d49-3d2a-4a3a-93be-5a5e7ec26efa",
   "room_id": "14011d49-3d2a-4a3a-93be-5a5e7ec26efa",
   "options": {
      "camera": true,
      "microphone": true
   },
   "socket_id": "JkTqSM9AIKOAzARoAAAF"
}
============ REQUEST USER CANCEL =============
============ REQUEST USER CANCEL =============
{
   "peer_id": "a771d5a9-eacc-4800-99f7-24720bc11ecd",
   "user_id": 20,
   "username": "usm1",
   "fullname": "Nguyễn Văn A",
   "private_room": "14011d49-3d2a-4a3a-93be-5a5e7ec26efa",
   "room_id": "14011d49-3d2a-4a3a-93be-5a5e7ec26efa",
   "options": {
      "camera": true,
      "microphone": true
   },
   "socket_id": "hHjpx7-0gBjNC0SxAAAF"
}
============ REQUEST USER CANCEL =============
{
   "peer_id": "a771d5a9-eacc-4800-99f7-24720bc11ecd",
   "user_id": 20,
   "username": "usm1",
   "fullname": "Nguyễn Văn A",
   "private_room": "14011d49-3d2a-4a3a-93be-5a5e7ec26efa",
   "room_id": "14011d49-3d2a-4a3a-93be-5a5e7ec26efa",
   "options": {
      "camera": true,
      "microphone": true
   },
   "socket_id": "TVeocAOrkR17soqMAAAJ"
}
============ REQUEST USER CANCEL =============
{
   "peer_id": "445a0866-1504-46b8-85d7-5981c6c1c459",
   "user_id": 21,
   "username": "usm2",
   "fullname": "Nguyễn Văn B",
   "private_room": "b25b69b2-f526-43e6-8c12-6bb0c9760ae8",
   "room_id": "b25b69b2-f526-43e6-8c12-6bb0c9760ae8",
   "options": {
      "camera": true,
      "microphone": true
   },
   "socket_id": "P0Eo8vzf2R7hMJVbAAAJ"
}
{
   "peer_id": "a771d5a9-eacc-4800-99f7-24720bc11ecd",
   "user_id": 20,
   "username": "usm1",
   "fullname": "Nguyễn Văn A",
   "private_room": "14011d49-3d2a-4a3a-93be-5a5e7ec26efa",
   "room_id": "14011d49-3d2a-4a3a-93be-5a5e7ec26efa",
   "options": {
      "camera": true,
      "microphone": true
   },
   "socket_id": "xjqjRFh8W4c3FUGGAAAH",
   "callroom": "14011d49-3d2a-4a3a-93be-5a5e7ec26efa"
}
============ REQUEST USER CANCEL =============
{
   "peer_id": "a771d5a9-eacc-4800-99f7-24720bc11ecd",
   "user_id": 20,
   "username": "usm1",
   "fullname": "Nguyễn Văn A",
   "private_room": "14011d49-3d2a-4a3a-93be-5a5e7ec26efa",
   "room_id": "14011d49-3d2a-4a3a-93be-5a5e7ec26efa",
   "options": {
      "camera": true,
      "microphone": true
   },
   "socket_id": "aU66yiXtJ_QppQElAAAR",
   "callroom": "14011d49-3d2a-4a3a-93be-5a5e7ec26efa"
}
============ REQUEST USER CANCEL =============
{
   "peer_id": "a771d5a9-eacc-4800-99f7-24720bc11ecd",
   "user_id": 20,
   "username": "usm1",
   "fullname": "Nguyễn Văn A",
   "private_room": "14011d49-3d2a-4a3a-93be-5a5e7ec26efa",
   "room_id": "14011d49-3d2a-4a3a-93be-5a5e7ec26efa",
   "options": {
      "camera": true,
      "microphone": true
   },
   "socket_id": "OR_LIbLwprDzZITPAAAd"
}
============ REQUEST USER CANCEL =============
