============ CHECK USER IN ROOM  =============
undefined
============     ROOM   =============
{
   "id": 49,
   "room_id": "663a5517-46da-42f8-9081-65efb1fb2b49",
   "room_name": "Room B-3",
   "user_id": 21,
   "type": "CLIENT_ROOM",
   "active": "OFF"
}
============ CHECK USER IN ROOM  =============
undefined
============     ROOM   =============
{
   "id": 49,
   "room_id": "663a5517-46da-42f8-9081-65efb1fb2b49",
   "room_name": "Room B-3",
   "user_id": 21,
   "type": "CLIENT_ROOM",
   "active": "ON"
}
============ CHECK USER IN ROOM  =============
{}
============     ROOM   =============
{
   "id": 49,
   "room_id": "663a5517-46da-42f8-9081-65efb1fb2b49",
   "room_name": "Room B-3",
   "user_id": 21,
   "type": "CLIENT_ROOM",
   "active": "OFF"
}
{
   "id": 49,
   "room_id": "663a5517-46da-42f8-9081-65efb1fb2b49",
   "room_name": "Room B-3",
   "user_id": 21,
   "type": "CLIENT_ROOM",
   "active": "ON"
}
{
   "20": {
      "peer_id": "a771d5a9-eacc-4800-99f7-24720bc11ecd",
      "user_id": 20,
      "username": "usm1",
      "fullname": "Nguyễn Văn A",
      "private_room": "14011d49-3d2a-4a3a-93be-5a5e7ec26efa",
      "room_id": "663a5517-46da-42f8-9081-65efb1fb2b49",
      "options": {
         "camera": true,
         "microphone": true
      },
      "socket_id": "FJgmi7t1ZRAWTEyaAAAV",
      "callroom": "663a5517-46da-42f8-9081-65efb1fb2b49"
   },
   "21": {
      "peer_id": "445a0866-1504-46b8-85d7-5981c6c1c459",
      "user_id": 21,
      "username": "usm2",
      "fullname": "Nguyễn Văn B",
      "private_room": "b25b69b2-f526-43e6-8c12-6bb0c9760ae8",
      "room_id": "b25b69b2-f526-43e6-8c12-6bb0c9760ae8",
      "options": {
         "camera": true,
         "microphone": true
      },
      "socket_id": "oLC6A1IryI3jeg5vAAAX",
      "callroom": "663a5517-46da-42f8-9081-65efb1fb2b49"
   }
}
============ CHECK USER IN ROOM  =============
============     ROOM   =============
============ CHECK USER IN ROOM  =============
{}
============     ROOM   =============
{
   "id": 49,
   "room_id": "663a5517-46da-42f8-9081-65efb1fb2b49",
   "room_name": "Room B-3",
   "user_id": 21,
   "type": "CLIENT_ROOM",
   "active": "OFF"
}
============ CHECK USER IN ROOM  =============
{
   "20": {
      "peer_id": "a771d5a9-eacc-4800-99f7-24720bc11ecd",
      "user_id": 20,
      "username": "usm1",
      "fullname": "Nguyễn Văn A",
      "private_room": "14011d49-3d2a-4a3a-93be-5a5e7ec26efa",
      "room_id": "663a5517-46da-42f8-9081-65efb1fb2b49",
      "options": {
         "camera": true,
         "microphone": true
      },
      "socket_id": "FJgmi7t1ZRAWTEyaAAAV",
      "callroom": "663a5517-46da-42f8-9081-65efb1fb2b49"
   },
   "23": {
      "peer_id": "896cc5e8-1d1d-4c47-9d07-2089de8503a2",
      "user_id": 23,
      "username": "usm3",
      "fullname": "Nguyễn Văn C",
      "private_room": "62c4eec7-ecfd-43e6-a2ac-fbb2ecce1e0f",
      "room_id": "663a5517-46da-42f8-9081-65efb1fb2b49",
      "options": {
         "camera": true,
         "microphone": true
      },
      "socket_id": "HyAOWvDV4YGo8-LUAAAd",
      "callroom": "663a5517-46da-42f8-9081-65efb1fb2b49"
   }
}
============     ROOM   =============
{
   "id": 49,
   "room_id": "663a5517-46da-42f8-9081-65efb1fb2b49",
   "room_name": "Room B-3",
   "user_id": 21,
   "type": "CLIENT_ROOM",
   "active": "ON"
}
